[INFO  - 2018-09-21T13:31:38.472Z] GhostDriver - Main - running on port 49281
[INFO  - 2018-09-21T13:31:39.539Z] Session [ab8c9970-bda2-11e8-8bea-1d86c04a1762] - page.settings - {"XSSAuditingEnabled":false,"javascriptCanCloseWindows":true,"javascriptCanOpenWindows":true,"javascriptEnabled":true,"loadImages":true,"localToRemoteUrlAccessEnabled":false,"userAgent":"Mozilla/5.0 (Windows NT 6.2; WOW64) AppleWebKit/538.1 (KHTML, like Gecko) PhantomJS/2.1.1 Safari/538.1","webSecurityEnabled":true}
[INFO  - 2018-09-21T13:31:39.540Z] Session [ab8c9970-bda2-11e8-8bea-1d86c04a1762] - page.customHeaders:  - {}
[INFO  - 2018-09-21T13:31:39.540Z] Session [ab8c9970-bda2-11e8-8bea-1d86c04a1762] - Session.negotiatedCapabilities - {"browserName":"phantomjs","version":"2.1.1","driverName":"ghostdriver","driverVersion":"1.2.0","platform":"windows-10-32bit","javascriptEnabled":true,"takesScreenshot":true,"handlesAlerts":false,"databaseEnabled":false,"locationContextEnabled":false,"applicationCacheEnabled":false,"browserConnectionEnabled":false,"cssSelectorsEnabled":true,"webStorageEnabled":false,"rotatable":false,"acceptSslCerts":false,"nativeEvents":true,"proxy":{"proxyType":"direct"}}
[INFO  - 2018-09-21T13:31:39.540Z] SessionManagerReqHand - _postNewSessionCommand - New Session Created: ab8c9970-bda2-11e8-8bea-1d86c04a1762
[ERROR - 2018-09-21T13:31:41.061Z] Session [ab8c9970-bda2-11e8-8bea-1d86c04a1762] - page.onError - msg: TypeError: undefined is not a constructor (evaluating 'jQuery11020021330986637622118_1537536700644')

  phantomjs://platform/console++.js:263 in error
[ERROR - 2018-09-21T13:31:41.062Z] Session [ab8c9970-bda2-11e8-8bea-1d86c04a1762] - page.onError - stack:
  global code (https://sp0.baidu.com/5a1Fazu8AA54nxGko9WTAnF6hhy/su?wd=i&json=1&p=3&sid=1449_21122_18559_26350_22158&csor=1&cb=jQuery11020021330986637622118_1537536700644&_=1537536700646:1)

  phantomjs://platform/console++.js:263 in error
[ERROR - 2018-09-21T13:31:41.079Z] Session [ab8c9970-bda2-11e8-8bea-1d86c04a1762] - page.onError - msg: TypeError: undefined is not a constructor (evaluating 'jQuery11020021330986637622118_1537536700644')

  phantomjs://platform/console++.js:263 in error
[ERROR - 2018-09-21T13:31:41.079Z] Session [ab8c9970-bda2-11e8-8bea-1d86c04a1762] - page.onError - stack:
  global code (https://sp0.baidu.com/5a1Fazu8AA54nxGko9WTAnF6hhy/su?wd=in&json=1&p=3&sid=1449_21122_18559_26350_22158&csor=2&pwd=i&cb=jQuery11020021330986637622118_1537536700644&_=1537536700647:1)

  phantomjs://platform/console++.js:263 in error
[ERROR - 2018-09-21T13:31:41.082Z] Session [ab8c9970-bda2-11e8-8bea-1d86c04a1762] - page.onError - msg: TypeError: undefined is not a constructor (evaluating 'jQuery11020021330986637622118_1537536700644')

  phantomjs://platform/console++.js:263 in error
[ERROR - 2018-09-21T13:31:41.082Z] Session [ab8c9970-bda2-11e8-8bea-1d86c04a1762] - page.onError - stack:
  global code (https://sp0.baidu.com/5a1Fazu8AA54nxGko9WTAnF6hhy/su?wd=inu&json=1&p=3&sid=1449_21122_18559_26350_22158&csor=3&pwd=in&cb=jQuery11020021330986637622118_1537536700644&_=1537536700648:1)

  phantomjs://platform/console++.js:263 in error
[ERROR - 2018-09-21T13:31:41.084Z] Session [ab8c9970-bda2-11e8-8bea-1d86c04a1762] - page.onError - msg: TypeError: undefined is not a constructor (evaluating 'jQuery11020021330986637622118_1537536700644')

  phantomjs://platform/console++.js:263 in error
[ERROR - 2018-09-21T13:31:41.084Z] Session [ab8c9970-bda2-11e8-8bea-1d86c04a1762] - page.onError - stack:
  global code (https://sp0.baidu.com/5a1Fazu8AA54nxGko9WTAnF6hhy/su?wd=inur&json=1&p=3&sid=1449_21122_18559_26350_22158&csor=4&pwd=inu&cb=jQuery11020021330986637622118_1537536700644&_=1537536700649:1)

  phantomjs://platform/console++.js:263 in error
[ERROR - 2018-09-21T13:31:41.122Z] Session [ab8c9970-bda2-11e8-8bea-1d86c04a1762] - page.onError - msg: TypeError: undefined is not a constructor (evaluating 'jQuery11020021330986637622118_1537536700644({"q":"inurl:?.asp学","p":true,"bs":"","csor":"12","status":0,"s":[]})')

  phantomjs://platform/console++.js:263 in error
[ERROR - 2018-09-21T13:31:41.123Z] Session [ab8c9970-bda2-11e8-8bea-1d86c04a1762] - page.onError - stack:
  global code (https://sp0.baidu.com/5a1Fazu8AA54nxGko9WTAnF6hhy/su?wd=inurl%3A%3F.asp%E5%AD%A6&json=1&p=3&sid=1449_21122_18559_26350_22158&csor=12&pwd=inurl%3A%3F.asp&cb=jQuery11020021330986637622118_1537536700644&_=1537536700657:1)

  phantomjs://platform/console++.js:263 in error
[ERROR - 2018-09-21T13:31:41.134Z] Session [ab8c9970-bda2-11e8-8bea-1d86c04a1762] - page.onError - msg: TypeError: undefined is not a constructor (evaluating 'jQuery11020021330986637622118_1537536700644({"q":"inurl:?.asp学校","p":true,"bs":"","csor":"13","status":0,"s":[]})')

  phantomjs://platform/console++.js:263 in error
[ERROR - 2018-09-21T13:31:41.134Z] Session [ab8c9970-bda2-11e8-8bea-1d86c04a1762] - page.onError - stack:
  global code (https://sp0.baidu.com/5a1Fazu8AA54nxGko9WTAnF6hhy/su?wd=inurl%3A%3F.asp%E5%AD%A6%E6%A0%A1&json=1&p=3&sid=1449_21122_18559_26350_22158&csor=13&pwd=inurl%3A%3F.asp%E5%AD%A6&cb=jQuery11020021330986637622118_1537536700644&_=1537536700658:1)

  phantomjs://platform/console++.js:263 in error
[INFO  - 2018-09-21T13:31:44.074Z] Session [ab8c9970-bda2-11e8-8bea-1d86c04a1762] - page.settings - {"XSSAuditingEnabled":false,"javascriptCanCloseWindows":true,"javascriptCanOpenWindows":true,"javascriptEnabled":true,"loadImages":true,"localToRemoteUrlAccessEnabled":false,"userAgent":"Mozilla/5.0 (Windows NT 6.2; WOW64) AppleWebKit/538.1 (KHTML, like Gecko) PhantomJS/2.1.1 Safari/538.1","webSecurityEnabled":true}
[INFO  - 2018-09-21T13:31:44.075Z] Session [ab8c9970-bda2-11e8-8bea-1d86c04a1762] - page.customHeaders:  - {}
[INFO  - 2018-09-21T13:31:44.246Z] Session [ab8c9970-bda2-11e8-8bea-1d86c04a1762] - page.settings - {"XSSAuditingEnabled":false,"javascriptCanCloseWindows":true,"javascriptCanOpenWindows":true,"javascriptEnabled":true,"loadImages":true,"localToRemoteUrlAccessEnabled":false,"userAgent":"Mozilla/5.0 (Windows NT 6.2; WOW64) AppleWebKit/538.1 (KHTML, like Gecko) PhantomJS/2.1.1 Safari/538.1","webSecurityEnabled":true}
[INFO  - 2018-09-21T13:31:44.246Z] Session [ab8c9970-bda2-11e8-8bea-1d86c04a1762] - page.customHeaders:  - {}
[INFO  - 2018-09-21T13:31:49.063Z] Session [ab8c9970-bda2-11e8-8bea-1d86c04a1762] - page.settings - {"XSSAuditingEnabled":false,"javascriptCanCloseWindows":true,"javascriptCanOpenWindows":true,"javascriptEnabled":true,"loadImages":true,"localToRemoteUrlAccessEnabled":false,"userAgent":"Mozilla/5.0 (Windows NT 6.2; WOW64) AppleWebKit/538.1 (KHTML, like Gecko) PhantomJS/2.1.1 Safari/538.1","webSecurityEnabled":true}
[INFO  - 2018-09-21T13:31:49.063Z] Session [ab8c9970-bda2-11e8-8bea-1d86c04a1762] - page.customHeaders:  - {}
[INFO  - 2018-09-21T13:32:00.054Z] Session [ab8c9970-bda2-11e8-8bea-1d86c04a1762] - page.settings - {"XSSAuditingEnabled":false,"javascriptCanCloseWindows":true,"javascriptCanOpenWindows":true,"javascriptEnabled":true,"loadImages":true,"localToRemoteUrlAccessEnabled":false,"userAgent":"Mozilla/5.0 (Windows NT 6.2; WOW64) AppleWebKit/538.1 (KHTML, like Gecko) PhantomJS/2.1.1 Safari/538.1","webSecurityEnabled":true}
[INFO  - 2018-09-21T13:32:00.054Z] Session [ab8c9970-bda2-11e8-8bea-1d86c04a1762] - page.customHeaders:  - {}
[INFO  - 2018-09-21T13:32:01.673Z] Session [ab8c9970-bda2-11e8-8bea-1d86c04a1762] - page.settings - {"XSSAuditingEnabled":false,"javascriptCanCloseWindows":true,"javascriptCanOpenWindows":true,"javascriptEnabled":true,"loadImages":true,"localToRemoteUrlAccessEnabled":false,"userAgent":"Mozilla/5.0 (Windows NT 6.2; WOW64) AppleWebKit/538.1 (KHTML, like Gecko) PhantomJS/2.1.1 Safari/538.1","webSecurityEnabled":true}
[INFO  - 2018-09-21T13:32:01.673Z] Session [ab8c9970-bda2-11e8-8bea-1d86c04a1762] - page.customHeaders:  - {}
[INFO  - 2018-09-21T13:32:04.073Z] Session [ab8c9970-bda2-11e8-8bea-1d86c04a1762] - page.settings - {"XSSAuditingEnabled":false,"javascriptCanCloseWindows":true,"javascriptCanOpenWindows":true,"javascriptEnabled":true,"loadImages":true,"localToRemoteUrlAccessEnabled":false,"userAgent":"Mozilla/5.0 (Windows NT 6.2; WOW64) AppleWebKit/538.1 (KHTML, like Gecko) PhantomJS/2.1.1 Safari/538.1","webSecurityEnabled":true}
[INFO  - 2018-09-21T13:32:04.073Z] Session [ab8c9970-bda2-11e8-8bea-1d86c04a1762] - page.customHeaders:  - {}
[INFO  - 2018-09-21T13:34:07.085Z] Session [ab8c9970-bda2-11e8-8bea-1d86c04a1762] - page.settings - {"XSSAuditingEnabled":false,"javascriptCanCloseWindows":true,"javascriptCanOpenWindows":true,"javascriptEnabled":true,"loadImages":true,"localToRemoteUrlAccessEnabled":false,"userAgent":"Mozilla/5.0 (Windows NT 6.2; WOW64) AppleWebKit/538.1 (KHTML, like Gecko) PhantomJS/2.1.1 Safari/538.1","webSecurityEnabled":true}
[INFO  - 2018-09-21T13:34:07.085Z] Session [ab8c9970-bda2-11e8-8bea-1d86c04a1762] - page.customHeaders:  - {}
[INFO  - 2018-09-21T13:34:12.092Z] Session [ab8c9970-bda2-11e8-8bea-1d86c04a1762] - page.settings - {"XSSAuditingEnabled":false,"javascriptCanCloseWindows":true,"javascriptCanOpenWindows":true,"javascriptEnabled":true,"loadImages":true,"localToRemoteUrlAccessEnabled":false,"userAgent":"Mozilla/5.0 (Windows NT 6.2; WOW64) AppleWebKit/538.1 (KHTML, like Gecko) PhantomJS/2.1.1 Safari/538.1","webSecurityEnabled":true}
[INFO  - 2018-09-21T13:34:12.092Z] Session [ab8c9970-bda2-11e8-8bea-1d86c04a1762] - page.customHeaders:  - {}
[ERROR - 2018-09-21T13:34:13.797Z] Session [ab8c9970-bda2-11e8-8bea-1d86c04a1762] - page.onError - msg: NETWORK_ERR: XMLHttpRequest Exception 101: A network error occurred in synchronous requests.

  phantomjs://platform/console++.js:263 in error
[ERROR - 2018-09-21T13:34:13.798Z] Session [ab8c9970-bda2-11e8-8bea-1d86c04a1762] - page.onError - stack:
  send (http://www.xzmvc.net.cn/ocscript.js:25)
  evalSrcScript (http://www.xzmvc.net.cn/ocscript.js:25)
  (anonymous function) (http://www.xzmvc.net.cn/ocscript.js:70)

  phantomjs://platform/console++.js:263 in error
[INFO  - 2018-09-21T13:34:14.052Z] Session [ab8c9970-bda2-11e8-8bea-1d86c04a1762] - page.settings - {"XSSAuditingEnabled":false,"javascriptCanCloseWindows":true,"javascriptCanOpenWindows":true,"javascriptEnabled":true,"loadImages":true,"localToRemoteUrlAccessEnabled":false,"userAgent":"Mozilla/5.0 (Windows NT 6.2; WOW64) AppleWebKit/538.1 (KHTML, like Gecko) PhantomJS/2.1.1 Safari/538.1","webSecurityEnabled":true}
[INFO  - 2018-09-21T13:34:14.052Z] Session [ab8c9970-bda2-11e8-8bea-1d86c04a1762] - page.customHeaders:  - {}
[INFO  - 2018-09-21T13:34:14.994Z] Session [ab8c9970-bda2-11e8-8bea-1d86c04a1762] - page.settings - {"XSSAuditingEnabled":false,"javascriptCanCloseWindows":true,"javascriptCanOpenWindows":true,"javascriptEnabled":true,"loadImages":true,"localToRemoteUrlAccessEnabled":false,"userAgent":"Mozilla/5.0 (Windows NT 6.2; WOW64) AppleWebKit/538.1 (KHTML, like Gecko) PhantomJS/2.1.1 Safari/538.1","webSecurityEnabled":true}
[INFO  - 2018-09-21T13:34:14.994Z] Session [ab8c9970-bda2-11e8-8bea-1d86c04a1762] - page.customHeaders:  - {}
[INFO  - 2018-09-21T13:34:18.972Z] Session [ab8c9970-bda2-11e8-8bea-1d86c04a1762] - page.settings - {"XSSAuditingEnabled":false,"javascriptCanCloseWindows":true,"javascriptCanOpenWindows":true,"javascriptEnabled":true,"loadImages":true,"localToRemoteUrlAccessEnabled":false,"userAgent":"Mozilla/5.0 (Windows NT 6.2; WOW64) AppleWebKit/538.1 (KHTML, like Gecko) PhantomJS/2.1.1 Safari/538.1","webSecurityEnabled":true}
[INFO  - 2018-09-21T13:34:18.972Z] Session [ab8c9970-bda2-11e8-8bea-1d86c04a1762] - page.customHeaders:  - {}
[INFO  - 2018-09-21T13:34:25.310Z] Session [ab8c9970-bda2-11e8-8bea-1d86c04a1762] - page.settings - {"XSSAuditingEnabled":false,"javascriptCanCloseWindows":true,"javascriptCanOpenWindows":true,"javascriptEnabled":true,"loadImages":true,"localToRemoteUrlAccessEnabled":false,"userAgent":"Mozilla/5.0 (Windows NT 6.2; WOW64) AppleWebKit/538.1 (KHTML, like Gecko) PhantomJS/2.1.1 Safari/538.1","webSecurityEnabled":true}
[INFO  - 2018-09-21T13:34:25.310Z] Session [ab8c9970-bda2-11e8-8bea-1d86c04a1762] - page.customHeaders:  - {}
[INFO  - 2018-09-21T13:34:25.480Z] Session [ab8c9970-bda2-11e8-8bea-1d86c04a1762] - page.settings - {"XSSAuditingEnabled":false,"javascriptCanCloseWindows":true,"javascriptCanOpenWindows":true,"javascriptEnabled":true,"loadImages":true,"localToRemoteUrlAccessEnabled":false,"userAgent":"Mozilla/5.0 (Windows NT 6.2; WOW64) AppleWebKit/538.1 (KHTML, like Gecko) PhantomJS/2.1.1 Safari/538.1","webSecurityEnabled":true}
[INFO  - 2018-09-21T13:34:25.480Z] Session [ab8c9970-bda2-11e8-8bea-1d86c04a1762] - page.customHeaders:  - {}
[ERROR - 2018-09-21T13:34:26.934Z] Session [ab8c9970-bda2-11e8-8bea-1d86c04a1762] - page.onError - msg: NETWORK_ERR: XMLHttpRequest Exception 101: A network error occurred in synchronous requests.

  phantomjs://platform/console++.js:263 in error
[ERROR - 2018-09-21T13:34:26.934Z] Session [ab8c9970-bda2-11e8-8bea-1d86c04a1762] - page.onError - stack:
  send (http://www.xzmvc.net.cn/ocscript.js:25)
  evalSrcScript (http://www.xzmvc.net.cn/ocscript.js:25)
  (anonymous function) (http://www.xzmvc.net.cn/ocscript.js:70)

  phantomjs://platform/console++.js:263 in error
[INFO  - 2018-09-21T13:35:29.474Z] Session [ab8c9970-bda2-11e8-8bea-1d86c04a1762] - page.settings - {"XSSAuditingEnabled":false,"javascriptCanCloseWindows":true,"javascriptCanOpenWindows":true,"javascriptEnabled":true,"loadImages":true,"localToRemoteUrlAccessEnabled":false,"userAgent":"Mozilla/5.0 (Windows NT 6.2; WOW64) AppleWebKit/538.1 (KHTML, like Gecko) PhantomJS/2.1.1 Safari/538.1","webSecurityEnabled":true}
[INFO  - 2018-09-21T13:35:29.474Z] Session [ab8c9970-bda2-11e8-8bea-1d86c04a1762] - page.customHeaders:  - {}
[INFO  - 2018-09-21T13:35:34.645Z] Session [ab8c9970-bda2-11e8-8bea-1d86c04a1762] - page.settings - {"XSSAuditingEnabled":false,"javascriptCanCloseWindows":true,"javascriptCanOpenWindows":true,"javascriptEnabled":true,"loadImages":true,"localToRemoteUrlAccessEnabled":false,"userAgent":"Mozilla/5.0 (Windows NT 6.2; WOW64) AppleWebKit/538.1 (KHTML, like Gecko) PhantomJS/2.1.1 Safari/538.1","webSecurityEnabled":true}
[INFO  - 2018-09-21T13:35:34.645Z] Session [ab8c9970-bda2-11e8-8bea-1d86c04a1762] - page.customHeaders:  - {}
[INFO  - 2018-09-21T13:35:34.798Z] Session [ab8c9970-bda2-11e8-8bea-1d86c04a1762] - page.settings - {"XSSAuditingEnabled":false,"javascriptCanCloseWindows":true,"javascriptCanOpenWindows":true,"javascriptEnabled":true,"loadImages":true,"localToRemoteUrlAccessEnabled":false,"userAgent":"Mozilla/5.0 (Windows NT 6.2; WOW64) AppleWebKit/538.1 (KHTML, like Gecko) PhantomJS/2.1.1 Safari/538.1","webSecurityEnabled":true}
[INFO  - 2018-09-21T13:35:34.798Z] Session [ab8c9970-bda2-11e8-8bea-1d86c04a1762] - page.customHeaders:  - {}
[INFO  - 2018-09-21T13:35:39.965Z] Session [ab8c9970-bda2-11e8-8bea-1d86c04a1762] - page.settings - {"XSSAuditingEnabled":false,"javascriptCanCloseWindows":true,"javascriptCanOpenWindows":true,"javascriptEnabled":true,"loadImages":true,"localToRemoteUrlAccessEnabled":false,"userAgent":"Mozilla/5.0 (Windows NT 6.2; WOW64) AppleWebKit/538.1 (KHTML, like Gecko) PhantomJS/2.1.1 Safari/538.1","webSecurityEnabled":true}
[INFO  - 2018-09-21T13:35:39.965Z] Session [ab8c9970-bda2-11e8-8bea-1d86c04a1762] - page.customHeaders:  - {}
[INFO  - 2018-09-21T13:35:41.808Z] Session [ab8c9970-bda2-11e8-8bea-1d86c04a1762] - page.settings - {"XSSAuditingEnabled":false,"javascriptCanCloseWindows":true,"javascriptCanOpenWindows":true,"javascriptEnabled":true,"loadImages":true,"localToRemoteUrlAccessEnabled":false,"userAgent":"Mozilla/5.0 (Windows NT 6.2; WOW64) AppleWebKit/538.1 (KHTML, like Gecko) PhantomJS/2.1.1 Safari/538.1","webSecurityEnabled":true}
[INFO  - 2018-09-21T13:35:41.808Z] Session [ab8c9970-bda2-11e8-8bea-1d86c04a1762] - page.customHeaders:  - {}
[INFO  - 2018-09-21T13:36:05.727Z] Session [ab8c9970-bda2-11e8-8bea-1d86c04a1762] - page.settings - {"XSSAuditingEnabled":false,"javascriptCanCloseWindows":true,"javascriptCanOpenWindows":true,"javascriptEnabled":true,"loadImages":true,"localToRemoteUrlAccessEnabled":false,"userAgent":"Mozilla/5.0 (Windows NT 6.2; WOW64) AppleWebKit/538.1 (KHTML, like Gecko) PhantomJS/2.1.1 Safari/538.1","webSecurityEnabled":true}
[INFO  - 2018-09-21T13:36:05.727Z] Session [ab8c9970-bda2-11e8-8bea-1d86c04a1762] - page.customHeaders:  - {}
[INFO  - 2018-09-21T13:36:08.589Z] Session [ab8c9970-bda2-11e8-8bea-1d86c04a1762] - page.settings - {"XSSAuditingEnabled":false,"javascriptCanCloseWindows":true,"javascriptCanOpenWindows":true,"javascriptEnabled":true,"loadImages":true,"localToRemoteUrlAccessEnabled":false,"userAgent":"Mozilla/5.0 (Windows NT 6.2; WOW64) AppleWebKit/538.1 (KHTML, like Gecko) PhantomJS/2.1.1 Safari/538.1","webSecurityEnabled":true}
[INFO  - 2018-09-21T13:36:08.589Z] Session [ab8c9970-bda2-11e8-8bea-1d86c04a1762] - page.customHeaders:  - {}
[INFO  - 2018-09-21T13:36:13.615Z] Session [ab8c9970-bda2-11e8-8bea-1d86c04a1762] - page.settings - {"XSSAuditingEnabled":false,"javascriptCanCloseWindows":true,"javascriptCanOpenWindows":true,"javascriptEnabled":true,"loadImages":true,"localToRemoteUrlAccessEnabled":false,"userAgent":"Mozilla/5.0 (Windows NT 6.2; WOW64) AppleWebKit/538.1 (KHTML, like Gecko) PhantomJS/2.1.1 Safari/538.1","webSecurityEnabled":true}
[INFO  - 2018-09-21T13:36:13.615Z] Session [ab8c9970-bda2-11e8-8bea-1d86c04a1762] - page.customHeaders:  - {}
[INFO  - 2018-09-21T13:36:16.298Z] Session [ab8c9970-bda2-11e8-8bea-1d86c04a1762] - page.settings - {"XSSAuditingEnabled":false,"javascriptCanCloseWindows":true,"javascriptCanOpenWindows":true,"javascriptEnabled":true,"loadImages":true,"localToRemoteUrlAccessEnabled":false,"userAgent":"Mozilla/5.0 (Windows NT 6.2; WOW64) AppleWebKit/538.1 (KHTML, like Gecko) PhantomJS/2.1.1 Safari/538.1","webSecurityEnabled":true}
[INFO  - 2018-09-21T13:36:16.298Z] Session [ab8c9970-bda2-11e8-8bea-1d86c04a1762] - page.customHeaders:  - {}
[INFO  - 2018-09-21T13:36:17.815Z] Session [ab8c9970-bda2-11e8-8bea-1d86c04a1762] - page.settings - {"XSSAuditingEnabled":false,"javascriptCanCloseWindows":true,"javascriptCanOpenWindows":true,"javascriptEnabled":true,"loadImages":true,"localToRemoteUrlAccessEnabled":false,"userAgent":"Mozilla/5.0 (Windows NT 6.2; WOW64) AppleWebKit/538.1 (KHTML, like Gecko) PhantomJS/2.1.1 Safari/538.1","webSecurityEnabled":true}
[INFO  - 2018-09-21T13:36:17.815Z] Session [ab8c9970-bda2-11e8-8bea-1d86c04a1762] - page.customHeaders:  - {}
[INFO  - 2018-09-21T13:36:20.960Z] Session [ab8c9970-bda2-11e8-8bea-1d86c04a1762] - page.settings - {"XSSAuditingEnabled":false,"javascriptCanCloseWindows":true,"javascriptCanOpenWindows":true,"javascriptEnabled":true,"loadImages":true,"localToRemoteUrlAccessEnabled":false,"userAgent":"Mozilla/5.0 (Windows NT 6.2; WOW64) AppleWebKit/538.1 (KHTML, like Gecko) PhantomJS/2.1.1 Safari/538.1","webSecurityEnabled":true}
[INFO  - 2018-09-21T13:36:20.960Z] Session [ab8c9970-bda2-11e8-8bea-1d86c04a1762] - page.customHeaders:  - {}
[INFO  - 2018-09-21T13:36:26.171Z] Session [ab8c9970-bda2-11e8-8bea-1d86c04a1762] - page.settings - {"XSSAuditingEnabled":false,"javascriptCanCloseWindows":true,"javascriptCanOpenWindows":true,"javascriptEnabled":true,"loadImages":true,"localToRemoteUrlAccessEnabled":false,"userAgent":"Mozilla/5.0 (Windows NT 6.2; WOW64) AppleWebKit/538.1 (KHTML, like Gecko) PhantomJS/2.1.1 Safari/538.1","webSecurityEnabled":true}
[INFO  - 2018-09-21T13:36:26.171Z] Session [ab8c9970-bda2-11e8-8bea-1d86c04a1762] - page.customHeaders:  - {}
[INFO  - 2018-09-21T13:36:38.469Z] SessionManagerReqHand - _cleanupWindowlessSessions - Asynchronous Sessions clean-up phase starting NOW
[INFO  - 2018-09-21T13:37:08.616Z] Session [ab8c9970-bda2-11e8-8bea-1d86c04a1762] - page.settings - {"XSSAuditingEnabled":false,"javascriptCanCloseWindows":true,"javascriptCanOpenWindows":true,"javascriptEnabled":true,"loadImages":true,"localToRemoteUrlAccessEnabled":false,"userAgent":"Mozilla/5.0 (Windows NT 6.2; WOW64) AppleWebKit/538.1 (KHTML, like Gecko) PhantomJS/2.1.1 Safari/538.1","webSecurityEnabled":true}
[INFO  - 2018-09-21T13:37:08.616Z] Session [ab8c9970-bda2-11e8-8bea-1d86c04a1762] - page.customHeaders:  - {}
[INFO  - 2018-09-21T13:37:11.468Z] Session [ab8c9970-bda2-11e8-8bea-1d86c04a1762] - page.settings - {"XSSAuditingEnabled":false,"javascriptCanCloseWindows":true,"javascriptCanOpenWindows":true,"javascriptEnabled":true,"loadImages":true,"localToRemoteUrlAccessEnabled":false,"userAgent":"Mozilla/5.0 (Windows NT 6.2; WOW64) AppleWebKit/538.1 (KHTML, like Gecko) PhantomJS/2.1.1 Safari/538.1","webSecurityEnabled":true}
[INFO  - 2018-09-21T13:37:11.468Z] Session [ab8c9970-bda2-11e8-8bea-1d86c04a1762] - page.customHeaders:  - {}
[INFO  - 2018-09-21T13:37:13.318Z] Session [ab8c9970-bda2-11e8-8bea-1d86c04a1762] - page.settings - {"XSSAuditingEnabled":false,"javascriptCanCloseWindows":true,"javascriptCanOpenWindows":true,"javascriptEnabled":true,"loadImages":true,"localToRemoteUrlAccessEnabled":false,"userAgent":"Mozilla/5.0 (Windows NT 6.2; WOW64) AppleWebKit/538.1 (KHTML, like Gecko) PhantomJS/2.1.1 Safari/538.1","webSecurityEnabled":true}
[INFO  - 2018-09-21T13:37:13.318Z] Session [ab8c9970-bda2-11e8-8bea-1d86c04a1762] - page.customHeaders:  - {}
[INFO  - 2018-09-21T13:37:59.537Z] Session [ab8c9970-bda2-11e8-8bea-1d86c04a1762] - page.settings - {"XSSAuditingEnabled":false,"javascriptCanCloseWindows":true,"javascriptCanOpenWindows":true,"javascriptEnabled":true,"loadImages":true,"localToRemoteUrlAccessEnabled":false,"userAgent":"Mozilla/5.0 (Windows NT 6.2; WOW64) AppleWebKit/538.1 (KHTML, like Gecko) PhantomJS/2.1.1 Safari/538.1","webSecurityEnabled":true}
[INFO  - 2018-09-21T13:37:59.537Z] Session [ab8c9970-bda2-11e8-8bea-1d86c04a1762] - page.customHeaders:  - {}
[INFO  - 2018-09-21T13:38:00.412Z] Session [ab8c9970-bda2-11e8-8bea-1d86c04a1762] - page.settings - {"XSSAuditingEnabled":false,"javascriptCanCloseWindows":true,"javascriptCanOpenWindows":true,"javascriptEnabled":true,"loadImages":true,"localToRemoteUrlAccessEnabled":false,"userAgent":"Mozilla/5.0 (Windows NT 6.2; WOW64) AppleWebKit/538.1 (KHTML, like Gecko) PhantomJS/2.1.1 Safari/538.1","webSecurityEnabled":true}
[INFO  - 2018-09-21T13:38:00.413Z] Session [ab8c9970-bda2-11e8-8bea-1d86c04a1762] - page.customHeaders:  - {}
[ERROR - 2018-09-21T13:38:01.244Z] Session [ab8c9970-bda2-11e8-8bea-1d86c04a1762] - page.onError - msg: TypeError: undefined is not an object (evaluating 'a.length')

  phantomjs://platform/console++.js:263 in error
[ERROR - 2018-09-21T13:38:01.244Z] Session [ab8c9970-bda2-11e8-8bea-1d86c04a1762] - page.onError - stack:
  arrayContains (http://static.bshare.cn/b/buttonLite.js#uuid=&style=3&fs=4&textcolor=%23fff&bgcolor=%230b7d9f&text=%B7%D6%CF%ED%B5%BD:3)
  (anonymous function) (http://static.bshare.cn/b/buttonLite.js#uuid=&style=3&fs=4&textcolor=%23fff&bgcolor=%230b7d9f&text=%B7%D6%CF%ED%B5%BD:12)
  parseBuzzOptions (http://static.bshare.cn/b/buttonLite.js#uuid=&style=3&fs=4&textcolor=%23fff&bgcolor=%230b7d9f&text=%B7%D6%CF%ED%B5%BD:10)
  loadOptions (http://static.bshare.cn/b/buttonLite.js#uuid=&style=3&fs=4&textcolor=%23fff&bgcolor=%230b7d9f&text=%B7%D6%CF%ED%B5%BD:12)
  start (http://static.bshare.cn/b/buttonLite.js#uuid=&style=3&fs=4&textcolor=%23fff&bgcolor=%230b7d9f&text=%B7%D6%CF%ED%B5%BD:23)

  phantomjs://platform/console++.js:263 in error
[INFO  - 2018-09-21T13:38:02.078Z] Session [ab8c9970-bda2-11e8-8bea-1d86c04a1762] - page.settings - {"XSSAuditingEnabled":false,"javascriptCanCloseWindows":true,"javascriptCanOpenWindows":true,"javascriptEnabled":true,"loadImages":true,"localToRemoteUrlAccessEnabled":false,"userAgent":"Mozilla/5.0 (Windows NT 6.2; WOW64) AppleWebKit/538.1 (KHTML, like Gecko) PhantomJS/2.1.1 Safari/538.1","webSecurityEnabled":true}
[INFO  - 2018-09-21T13:38:02.078Z] Session [ab8c9970-bda2-11e8-8bea-1d86c04a1762] - page.customHeaders:  - {}
[INFO  - 2018-09-21T13:38:15.736Z] Session [ab8c9970-bda2-11e8-8bea-1d86c04a1762] - page.settings - {"XSSAuditingEnabled":false,"javascriptCanCloseWindows":true,"javascriptCanOpenWindows":true,"javascriptEnabled":true,"loadImages":true,"localToRemoteUrlAccessEnabled":false,"userAgent":"Mozilla/5.0 (Windows NT 6.2; WOW64) AppleWebKit/538.1 (KHTML, like Gecko) PhantomJS/2.1.1 Safari/538.1","webSecurityEnabled":true}
[INFO  - 2018-09-21T13:38:15.736Z] Session [ab8c9970-bda2-11e8-8bea-1d86c04a1762] - page.customHeaders:  - {}
[ERROR - 2018-09-21T13:38:46.147Z] Session [ab8c9970-bda2-11e8-8bea-1d86c04a1762] - page.onError - msg: NETWORK_ERR: XMLHttpRequest Exception 101: A network error occurred in synchronous requests.

  phantomjs://platform/console++.js:263 in error
[ERROR - 2018-09-21T13:38:46.148Z] Session [ab8c9970-bda2-11e8-8bea-1d86c04a1762] - page.onError - stack:
  send (http://cyxx.hnsnedu.com/_pgtres/stm31.js:25)
  evalSrcScript (http://cyxx.hnsnedu.com/_pgtres/stm31.js:25)
  (anonymous function) (http://cyxx.hnsnedu.com/_pgtres/stm31.js:70)

  phantomjs://platform/console++.js:263 in error
[ERROR - 2018-09-21T13:38:46.161Z] Session [ab8c9970-bda2-11e8-8bea-1d86c04a1762] - page.onError - msg: TypeError: undefined is not an object (evaluating 'top.TopTitle.innerHTML= "专题活动"')

  phantomjs://platform/console++.js:263 in error
[ERROR - 2018-09-21T13:38:46.162Z] Session [ab8c9970-bda2-11e8-8bea-1d86c04a1762] - page.onError - stack:
  global code (http://cyxx.hnsnedu.com/display_.asp?id=691&org=%B3%AF%D2%C7%D1%A7%D0%A3&cataid2=%D6%D0%B7%EC%CD%BC%C6%AC&hit=0:83)

  phantomjs://platform/console++.js:263 in error
[ERROR - 2018-09-21T13:38:59.944Z] Session [ab8c9970-bda2-11e8-8bea-1d86c04a1762] - page.onError - msg: NETWORK_ERR: XMLHttpRequest Exception 101: A network error occurred in synchronous requests.

  phantomjs://platform/console++.js:263 in error
[ERROR - 2018-09-21T13:38:59.944Z] Session [ab8c9970-bda2-11e8-8bea-1d86c04a1762] - page.onError - stack:
  send (http://cyxx.hnsnedu.com/_pgtres/stm31.js:25)
  evalSrcScript (http://cyxx.hnsnedu.com/_pgtres/stm31.js:25)
  (anonymous function) (http://cyxx.hnsnedu.com/_pgtres/stm31.js:70)

  phantomjs://platform/console++.js:263 in error
[INFO  - 2018-09-21T13:39:40.807Z] Session [ab8c9970-bda2-11e8-8bea-1d86c04a1762] - page.settings - {"XSSAuditingEnabled":false,"javascriptCanCloseWindows":true,"javascriptCanOpenWindows":true,"javascriptEnabled":true,"loadImages":true,"localToRemoteUrlAccessEnabled":false,"userAgent":"Mozilla/5.0 (Windows NT 6.2; WOW64) AppleWebKit/538.1 (KHTML, like Gecko) PhantomJS/2.1.1 Safari/538.1","webSecurityEnabled":true}
[INFO  - 2018-09-21T13:39:40.807Z] Session [ab8c9970-bda2-11e8-8bea-1d86c04a1762] - page.customHeaders:  - {}
[INFO  - 2018-09-21T13:39:40.961Z] Session [ab8c9970-bda2-11e8-8bea-1d86c04a1762] - page.settings - {"XSSAuditingEnabled":false,"javascriptCanCloseWindows":true,"javascriptCanOpenWindows":true,"javascriptEnabled":true,"loadImages":true,"localToRemoteUrlAccessEnabled":false,"userAgent":"Mozilla/5.0 (Windows NT 6.2; WOW64) AppleWebKit/538.1 (KHTML, like Gecko) PhantomJS/2.1.1 Safari/538.1","webSecurityEnabled":true}
[INFO  - 2018-09-21T13:39:40.961Z] Session [ab8c9970-bda2-11e8-8bea-1d86c04a1762] - page.customHeaders:  - {}
[ERROR - 2018-09-21T13:39:41.777Z] Session [ab8c9970-bda2-11e8-8bea-1d86c04a1762] - page.onError - msg: NETWORK_ERR: XMLHttpRequest Exception 101: A network error occurred in synchronous requests.

  phantomjs://platform/console++.js:263 in error
[ERROR - 2018-09-21T13:39:41.778Z] Session [ab8c9970-bda2-11e8-8bea-1d86c04a1762] - page.onError - stack:
  send (http://zzjx.hnsnedu.com/_pgtres/stm31.js:25)
  evalSrcScript (http://zzjx.hnsnedu.com/_pgtres/stm31.js:25)
  (anonymous function) (http://zzjx.hnsnedu.com/_pgtres/stm31.js:70)

  phantomjs://platform/console++.js:263 in error
[ERROR - 2018-09-21T13:39:41.806Z] Session [ab8c9970-bda2-11e8-8bea-1d86c04a1762] - page.onError - msg: TypeError: undefined is not an object (evaluating 'top.TopTitle.innerHTML= "新闻快讯"')

  phantomjs://platform/console++.js:263 in error
[ERROR - 2018-09-21T13:39:41.806Z] Session [ab8c9970-bda2-11e8-8bea-1d86c04a1762] - page.onError - stack:
  global code (http://zzjx.hnsnedu.com/display_.asp?id=6625&org=%D6%F1%D6%DB%BD%AD%D1%A7%D0%A3:83)

  phantomjs://platform/console++.js:263 in error
[ERROR - 2018-09-21T13:39:42.046Z] Session [ab8c9970-bda2-11e8-8bea-1d86c04a1762] - page.onError - msg: TypeError: undefined is not an object (evaluating 'top.TopTitle.innerHTML= "新闻快讯"')

  phantomjs://platform/console++.js:263 in error
[ERROR - 2018-09-21T13:39:42.047Z] Session [ab8c9970-bda2-11e8-8bea-1d86c04a1762] - page.onError - stack:
  global code (http://hyxx.hnsnedu.com/display_.asp?id=5587&org=%BA%EC%D1%D2%D1%A7%D0%A3&hit=0:83)

  phantomjs://platform/console++.js:263 in error
[ERROR - 2018-09-21T13:40:23.656Z] Session [ab8c9970-bda2-11e8-8bea-1d86c04a1762] - page.onError - msg: NETWORK_ERR: XMLHttpRequest Exception 101: A network error occurred in synchronous requests.

  phantomjs://platform/console++.js:263 in error
[ERROR - 2018-09-21T13:40:23.656Z] Session [ab8c9970-bda2-11e8-8bea-1d86c04a1762] - page.onError - stack:
  send (http://zzjx.hnsnedu.com/_pgtres/stm31.js:25)
  evalSrcScript (http://zzjx.hnsnedu.com/_pgtres/stm31.js:25)
  (anonymous function) (http://zzjx.hnsnedu.com/_pgtres/stm31.js:70)

  phantomjs://platform/console++.js:263 in error
[INFO  - 2018-09-21T13:41:05.465Z] Session [ab8c9970-bda2-11e8-8bea-1d86c04a1762] - page.settings - {"XSSAuditingEnabled":false,"javascriptCanCloseWindows":true,"javascriptCanOpenWindows":true,"javascriptEnabled":true,"loadImages":true,"localToRemoteUrlAccessEnabled":false,"userAgent":"Mozilla/5.0 (Windows NT 6.2; WOW64) AppleWebKit/538.1 (KHTML, like Gecko) PhantomJS/2.1.1 Safari/538.1","webSecurityEnabled":true}
[INFO  - 2018-09-21T13:41:05.465Z] Session [ab8c9970-bda2-11e8-8bea-1d86c04a1762] - page.customHeaders:  - {}
[INFO  - 2018-09-21T13:41:05.606Z] Session [ab8c9970-bda2-11e8-8bea-1d86c04a1762] - page.settings - {"XSSAuditingEnabled":false,"javascriptCanCloseWindows":true,"javascriptCanOpenWindows":true,"javascriptEnabled":true,"loadImages":true,"localToRemoteUrlAccessEnabled":false,"userAgent":"Mozilla/5.0 (Windows NT 6.2; WOW64) AppleWebKit/538.1 (KHTML, like Gecko) PhantomJS/2.1.1 Safari/538.1","webSecurityEnabled":true}
[INFO  - 2018-09-21T13:41:05.606Z] Session [ab8c9970-bda2-11e8-8bea-1d86c04a1762] - page.customHeaders:  - {}
[ERROR - 2018-09-21T13:41:06.046Z] Session [ab8c9970-bda2-11e8-8bea-1d86c04a1762] - page.onError - msg: NETWORK_ERR: XMLHttpRequest Exception 101: A network error occurred in synchronous requests.

  phantomjs://platform/console++.js:263 in error
[ERROR - 2018-09-21T13:41:06.046Z] Session [ab8c9970-bda2-11e8-8bea-1d86c04a1762] - page.onError - stack:
  send (http://mtxx.hnsnedu.com/_pgtres/stm31.js:25)
  evalSrcScript (http://mtxx.hnsnedu.com/_pgtres/stm31.js:25)
  (anonymous function) (http://mtxx.hnsnedu.com/_pgtres/stm31.js:70)

  phantomjs://platform/console++.js:263 in error
[ERROR - 2018-09-21T13:41:06.060Z] Session [ab8c9970-bda2-11e8-8bea-1d86c04a1762] - page.onError - msg: TypeError: undefined is not an object (evaluating 'top.TopTitle.innerHTML= "新闻快讯"')

  phantomjs://platform/console++.js:263 in error
[ERROR - 2018-09-21T13:41:06.060Z] Session [ab8c9970-bda2-11e8-8bea-1d86c04a1762] - page.onError - stack:
  global code (http://mtxx.hnsnedu.com/display_.asp?id=6611&org=%C2%E9%CC%C1%D1%A7%D0%A3&hit=0:83)

  phantomjs://platform/console++.js:263 in error
[INFO  - 2018-09-21T13:41:38.470Z] SessionManagerReqHand - _cleanupWindowlessSessions - Asynchronous Sessions clean-up phase starting NOW
[ERROR - 2018-09-21T13:41:49.210Z] Session [ab8c9970-bda2-11e8-8bea-1d86c04a1762] - page.onError - msg: NETWORK_ERR: XMLHttpRequest Exception 101: A network error occurred in synchronous requests.

  phantomjs://platform/console++.js:263 in error
[ERROR - 2018-09-21T13:41:49.211Z] Session [ab8c9970-bda2-11e8-8bea-1d86c04a1762] - page.onError - stack:
  send (http://mtxx.hnsnedu.com/_pgtres/stm31.js:25)
  evalSrcScript (http://mtxx.hnsnedu.com/_pgtres/stm31.js:25)
  (anonymous function) (http://mtxx.hnsnedu.com/_pgtres/stm31.js:70)

  phantomjs://platform/console++.js:263 in error
[INFO  - 2018-09-21T13:42:30.375Z] Session [ab8c9970-bda2-11e8-8bea-1d86c04a1762] - page.settings - {"XSSAuditingEnabled":false,"javascriptCanCloseWindows":true,"javascriptCanOpenWindows":true,"javascriptEnabled":true,"loadImages":true,"localToRemoteUrlAccessEnabled":false,"userAgent":"Mozilla/5.0 (Windows NT 6.2; WOW64) AppleWebKit/538.1 (KHTML, like Gecko) PhantomJS/2.1.1 Safari/538.1","webSecurityEnabled":true}
[INFO  - 2018-09-21T13:42:30.376Z] Session [ab8c9970-bda2-11e8-8bea-1d86c04a1762] - page.customHeaders:  - {}
[INFO  - 2018-09-21T13:42:37.319Z] Session [ab8c9970-bda2-11e8-8bea-1d86c04a1762] - page.settings - {"XSSAuditingEnabled":false,"javascriptCanCloseWindows":true,"javascriptCanOpenWindows":true,"javascriptEnabled":true,"loadImages":true,"localToRemoteUrlAccessEnabled":false,"userAgent":"Mozilla/5.0 (Windows NT 6.2; WOW64) AppleWebKit/538.1 (KHTML, like Gecko) PhantomJS/2.1.1 Safari/538.1","webSecurityEnabled":true}
[INFO  - 2018-09-21T13:42:37.319Z] Session [ab8c9970-bda2-11e8-8bea-1d86c04a1762] - page.customHeaders:  - {}
[INFO  - 2018-09-21T13:42:44.496Z] Session [ab8c9970-bda2-11e8-8bea-1d86c04a1762] - page.settings - {"XSSAuditingEnabled":false,"javascriptCanCloseWindows":true,"javascriptCanOpenWindows":true,"javascriptEnabled":true,"loadImages":true,"localToRemoteUrlAccessEnabled":false,"userAgent":"Mozilla/5.0 (Windows NT 6.2; WOW64) AppleWebKit/538.1 (KHTML, like Gecko) PhantomJS/2.1.1 Safari/538.1","webSecurityEnabled":true}
[INFO  - 2018-09-21T13:42:44.497Z] Session [ab8c9970-bda2-11e8-8bea-1d86c04a1762] - page.customHeaders:  - {}
[INFO  - 2018-09-21T13:42:44.671Z] Session [ab8c9970-bda2-11e8-8bea-1d86c04a1762] - page.settings - {"XSSAuditingEnabled":false,"javascriptCanCloseWindows":true,"javascriptCanOpenWindows":true,"javascriptEnabled":true,"loadImages":true,"localToRemoteUrlAccessEnabled":false,"userAgent":"Mozilla/5.0 (Windows NT 6.2; WOW64) AppleWebKit/538.1 (KHTML, like Gecko) PhantomJS/2.1.1 Safari/538.1","webSecurityEnabled":true}
[INFO  - 2018-09-21T13:42:44.671Z] Session [ab8c9970-bda2-11e8-8bea-1d86c04a1762] - page.customHeaders:  - {}
[INFO  - 2018-09-21T13:43:48.976Z] Session [ab8c9970-bda2-11e8-8bea-1d86c04a1762] - page.settings - {"XSSAuditingEnabled":false,"javascriptCanCloseWindows":true,"javascriptCanOpenWindows":true,"javascriptEnabled":true,"loadImages":true,"localToRemoteUrlAccessEnabled":false,"userAgent":"Mozilla/5.0 (Windows NT 6.2; WOW64) AppleWebKit/538.1 (KHTML, like Gecko) PhantomJS/2.1.1 Safari/538.1","webSecurityEnabled":true}
[INFO  - 2018-09-21T13:43:48.976Z] Session [ab8c9970-bda2-11e8-8bea-1d86c04a1762] - page.customHeaders:  - {}
[INFO  - 2018-09-21T13:44:05.198Z] Session [ab8c9970-bda2-11e8-8bea-1d86c04a1762] - page.settings - {"XSSAuditingEnabled":false,"javascriptCanCloseWindows":true,"javascriptCanOpenWindows":true,"javascriptEnabled":true,"loadImages":true,"localToRemoteUrlAccessEnabled":false,"userAgent":"Mozilla/5.0 (Windows NT 6.2; WOW64) AppleWebKit/538.1 (KHTML, like Gecko) PhantomJS/2.1.1 Safari/538.1","webSecurityEnabled":true}
[INFO  - 2018-09-21T13:44:05.198Z] Session [ab8c9970-bda2-11e8-8bea-1d86c04a1762] - page.customHeaders:  - {}
[INFO  - 2018-09-21T13:44:05.338Z] Session [ab8c9970-bda2-11e8-8bea-1d86c04a1762] - page.settings - {"XSSAuditingEnabled":false,"javascriptCanCloseWindows":true,"javascriptCanOpenWindows":true,"javascriptEnabled":true,"loadImages":true,"localToRemoteUrlAccessEnabled":false,"userAgent":"Mozilla/5.0 (Windows NT 6.2; WOW64) AppleWebKit/538.1 (KHTML, like Gecko) PhantomJS/2.1.1 Safari/538.1","webSecurityEnabled":true}
[INFO  - 2018-09-21T13:44:05.338Z] Session [ab8c9970-bda2-11e8-8bea-1d86c04a1762] - page.customHeaders:  - {}
[INFO  - 2018-09-21T13:44:08.764Z] Session [ab8c9970-bda2-11e8-8bea-1d86c04a1762] - page.settings - {"XSSAuditingEnabled":false,"javascriptCanCloseWindows":true,"javascriptCanOpenWindows":true,"javascriptEnabled":true,"loadImages":true,"localToRemoteUrlAccessEnabled":false,"userAgent":"Mozilla/5.0 (Windows NT 6.2; WOW64) AppleWebKit/538.1 (KHTML, like Gecko) PhantomJS/2.1.1 Safari/538.1","webSecurityEnabled":true}
[INFO  - 2018-09-21T13:44:08.765Z] Session [ab8c9970-bda2-11e8-8bea-1d86c04a1762] - page.customHeaders:  - {}
[INFO  - 2018-09-21T13:44:11.537Z] Session [ab8c9970-bda2-11e8-8bea-1d86c04a1762] - page.settings - {"XSSAuditingEnabled":false,"javascriptCanCloseWindows":true,"javascriptCanOpenWindows":true,"javascriptEnabled":true,"loadImages":true,"localToRemoteUrlAccessEnabled":false,"userAgent":"Mozilla/5.0 (Windows NT 6.2; WOW64) AppleWebKit/538.1 (KHTML, like Gecko) PhantomJS/2.1.1 Safari/538.1","webSecurityEnabled":true}
[INFO  - 2018-09-21T13:44:11.537Z] Session [ab8c9970-bda2-11e8-8bea-1d86c04a1762] - page.customHeaders:  - {}
[ERROR - 2018-09-21T13:44:12.085Z] Session [ab8c9970-bda2-11e8-8bea-1d86c04a1762] - page.onError - msg: NETWORK_ERR: XMLHttpRequest Exception 101: A network error occurred in synchronous requests.

  phantomjs://platform/console++.js:263 in error
[ERROR - 2018-09-21T13:44:12.085Z] Session [ab8c9970-bda2-11e8-8bea-1d86c04a1762] - page.onError - stack:
  send (http://wwxx.hnsnedu.com/_pgtres/stm31.js:25)
  evalSrcScript (http://wwxx.hnsnedu.com/_pgtres/stm31.js:25)
  (anonymous function) (http://wwxx.hnsnedu.com/_pgtres/stm31.js:70)

  phantomjs://platform/console++.js:263 in error
[ERROR - 2018-09-21T13:44:12.115Z] Session [ab8c9970-bda2-11e8-8bea-1d86c04a1762] - page.onError - msg: TypeError: undefined is not an object (evaluating 'top.TopTitle.innerHTML= "新闻快讯"')

  phantomjs://platform/console++.js:263 in error
[ERROR - 2018-09-21T13:44:12.115Z] Session [ab8c9970-bda2-11e8-8bea-1d86c04a1762] - page.onError - stack:
  global code (http://wwxx.hnsnedu.com/display_.asp?id=6596&org=%CD%DF%CE%DD%D1%A7%D0%A3&hit=0:83)

  phantomjs://platform/console++.js:263 in error
[ERROR - 2018-09-21T13:44:55.626Z] Session [ab8c9970-bda2-11e8-8bea-1d86c04a1762] - page.onError - msg: NETWORK_ERR: XMLHttpRequest Exception 101: A network error occurred in synchronous requests.

  phantomjs://platform/console++.js:263 in error
[ERROR - 2018-09-21T13:44:55.626Z] Session [ab8c9970-bda2-11e8-8bea-1d86c04a1762] - page.onError - stack:
  send (http://wwxx.hnsnedu.com/_pgtres/stm31.js:25)
  evalSrcScript (http://wwxx.hnsnedu.com/_pgtres/stm31.js:25)
  (anonymous function) (http://wwxx.hnsnedu.com/_pgtres/stm31.js:70)

  phantomjs://platform/console++.js:263 in error
[INFO  - 2018-09-21T13:45:36.194Z] Session [ab8c9970-bda2-11e8-8bea-1d86c04a1762] - page.settings - {"XSSAuditingEnabled":false,"javascriptCanCloseWindows":true,"javascriptCanOpenWindows":true,"javascriptEnabled":true,"loadImages":true,"localToRemoteUrlAccessEnabled":false,"userAgent":"Mozilla/5.0 (Windows NT 6.2; WOW64) AppleWebKit/538.1 (KHTML, like Gecko) PhantomJS/2.1.1 Safari/538.1","webSecurityEnabled":true}
[INFO  - 2018-09-21T13:45:36.194Z] Session [ab8c9970-bda2-11e8-8bea-1d86c04a1762] - page.customHeaders:  - {}
[INFO  - 2018-09-21T13:45:36.570Z] Session [ab8c9970-bda2-11e8-8bea-1d86c04a1762] - page.settings - {"XSSAuditingEnabled":false,"javascriptCanCloseWindows":true,"javascriptCanOpenWindows":true,"javascriptEnabled":true,"loadImages":true,"localToRemoteUrlAccessEnabled":false,"userAgent":"Mozilla/5.0 (Windows NT 6.2; WOW64) AppleWebKit/538.1 (KHTML, like Gecko) PhantomJS/2.1.1 Safari/538.1","webSecurityEnabled":true}
[INFO  - 2018-09-21T13:45:36.570Z] Session [ab8c9970-bda2-11e8-8bea-1d86c04a1762] - page.customHeaders:  - {}
[ERROR - 2018-09-21T13:45:36.956Z] Session [ab8c9970-bda2-11e8-8bea-1d86c04a1762] - page.onError - msg: TypeError: null is not an object (evaluating 'document.getElementById("haolink").style')

  phantomjs://platform/console++.js:263 in error
[ERROR - 2018-09-21T13:45:36.956Z] Session [ab8c9970-bda2-11e8-8bea-1d86c04a1762] - page.onError - stack:
  global code (http://www.lqyzh.net/lm_more.asp?lmid=72&lmname=%D1%A7%D0%A3%B8%C5%BF%F6:188)

  phantomjs://platform/console++.js:263 in error
[ERROR - 2018-09-21T13:45:37.263Z] Session [ab8c9970-bda2-11e8-8bea-1d86c04a1762] - page.onError - msg: TypeError: null is not an object (evaluating 'document.getElementById("haolink").style')

  phantomjs://platform/console++.js:263 in error
[ERROR - 2018-09-21T13:45:37.263Z] Session [ab8c9970-bda2-11e8-8bea-1d86c04a1762] - page.onError - stack:
  global code (http://www.lqyzh.net/lm_more.asp?lmid=72&lmname=%D1%A7%D0%A3%B8%C5%BF%F6:780)

  phantomjs://platform/console++.js:263 in error
[INFO  - 2018-09-21T13:45:42.225Z] Session [ab8c9970-bda2-11e8-8bea-1d86c04a1762] - page.settings - {"XSSAuditingEnabled":false,"javascriptCanCloseWindows":true,"javascriptCanOpenWindows":true,"javascriptEnabled":true,"loadImages":true,"localToRemoteUrlAccessEnabled":false,"userAgent":"Mozilla/5.0 (Windows NT 6.2; WOW64) AppleWebKit/538.1 (KHTML, like Gecko) PhantomJS/2.1.1 Safari/538.1","webSecurityEnabled":true}
[INFO  - 2018-09-21T13:45:42.225Z] Session [ab8c9970-bda2-11e8-8bea-1d86c04a1762] - page.customHeaders:  - {}
[INFO  - 2018-09-21T13:45:43.319Z] Session [ab8c9970-bda2-11e8-8bea-1d86c04a1762] - page.settings - {"XSSAuditingEnabled":false,"javascriptCanCloseWindows":true,"javascriptCanOpenWindows":true,"javascriptEnabled":true,"loadImages":true,"localToRemoteUrlAccessEnabled":false,"userAgent":"Mozilla/5.0 (Windows NT 6.2; WOW64) AppleWebKit/538.1 (KHTML, like Gecko) PhantomJS/2.1.1 Safari/538.1","webSecurityEnabled":true}
[INFO  - 2018-09-21T13:45:43.319Z] Session [ab8c9970-bda2-11e8-8bea-1d86c04a1762] - page.customHeaders:  - {}
[INFO  - 2018-09-21T13:45:46.333Z] Session [ab8c9970-bda2-11e8-8bea-1d86c04a1762] - page.settings - {"XSSAuditingEnabled":false,"javascriptCanCloseWindows":true,"javascriptCanOpenWindows":true,"javascriptEnabled":true,"loadImages":true,"localToRemoteUrlAccessEnabled":false,"userAgent":"Mozilla/5.0 (Windows NT 6.2; WOW64) AppleWebKit/538.1 (KHTML, like Gecko) PhantomJS/2.1.1 Safari/538.1","webSecurityEnabled":true}
[INFO  - 2018-09-21T13:45:46.333Z] Session [ab8c9970-bda2-11e8-8bea-1d86c04a1762] - page.customHeaders:  - {}
[INFO  - 2018-09-21T13:45:47.702Z] Session [ab8c9970-bda2-11e8-8bea-1d86c04a1762] - page.settings - {"XSSAuditingEnabled":false,"javascriptCanCloseWindows":true,"javascriptCanOpenWindows":true,"javascriptEnabled":true,"loadImages":true,"localToRemoteUrlAccessEnabled":false,"userAgent":"Mozilla/5.0 (Windows NT 6.2; WOW64) AppleWebKit/538.1 (KHTML, like Gecko) PhantomJS/2.1.1 Safari/538.1","webSecurityEnabled":true}
[INFO  - 2018-09-21T13:45:47.702Z] Session [ab8c9970-bda2-11e8-8bea-1d86c04a1762] - page.customHeaders:  - {}
[ERROR - 2018-09-21T13:46:33.990Z] Session [ab8c9970-bda2-11e8-8bea-1d86c04a1762] - page.onError - msg: NETWORK_ERR: XMLHttpRequest Exception 101: A network error occurred in synchronous requests.

  phantomjs://platform/console++.js:263 in error
[ERROR - 2018-09-21T13:46:33.991Z] Session [ab8c9970-bda2-11e8-8bea-1d86c04a1762] - page.onError - stack:
  send (http://gxxx.hnsnedu.com/_pgtres/stm31.js:25)
  evalSrcScript (http://gxxx.hnsnedu.com/_pgtres/stm31.js:25)
  (anonymous function) (http://gxxx.hnsnedu.com/_pgtres/stm31.js:70)

  phantomjs://platform/console++.js:263 in error
[INFO  - 2018-09-21T13:46:38.470Z] SessionManagerReqHand - _cleanupWindowlessSessions - Asynchronous Sessions clean-up phase starting NOW
[INFO  - 2018-09-21T13:47:18.112Z] Session [ab8c9970-bda2-11e8-8bea-1d86c04a1762] - page.settings - {"XSSAuditingEnabled":false,"javascriptCanCloseWindows":true,"javascriptCanOpenWindows":true,"javascriptEnabled":true,"loadImages":true,"localToRemoteUrlAccessEnabled":false,"userAgent":"Mozilla/5.0 (Windows NT 6.2; WOW64) AppleWebKit/538.1 (KHTML, like Gecko) PhantomJS/2.1.1 Safari/538.1","webSecurityEnabled":true}
[INFO  - 2018-09-21T13:47:18.112Z] Session [ab8c9970-bda2-11e8-8bea-1d86c04a1762] - page.customHeaders:  - {}
[INFO  - 2018-09-21T13:47:20.142Z] Session [ab8c9970-bda2-11e8-8bea-1d86c04a1762] - page.settings - {"XSSAuditingEnabled":false,"javascriptCanCloseWindows":true,"javascriptCanOpenWindows":true,"javascriptEnabled":true,"loadImages":true,"localToRemoteUrlAccessEnabled":false,"userAgent":"Mozilla/5.0 (Windows NT 6.2; WOW64) AppleWebKit/538.1 (KHTML, like Gecko) PhantomJS/2.1.1 Safari/538.1","webSecurityEnabled":true}
[INFO  - 2018-09-21T13:47:20.142Z] Session [ab8c9970-bda2-11e8-8bea-1d86c04a1762] - page.customHeaders:  - {}
[ERROR - 2018-09-21T13:47:21.604Z] Session [ab8c9970-bda2-11e8-8bea-1d86c04a1762] - page.onError - msg: TypeError: null is not an object (evaluating 'document.getElementById("article_content").getElementsByTagName')

  phantomjs://platform/console++.js:263 in error
[ERROR - 2018-09-21T13:47:21.605Z] Session [ab8c9970-bda2-11e8-8bea-1d86c04a1762] - page.onError - stack:
  (anonymous function) (http://www.hkhdsyxx.com/about.asp?new_type=%B0%EC%D1%A7%C0%ED%C4%EE&lA=%D1%A7%D0%A3%B8%C5%BF%F6:25)

  phantomjs://platform/console++.js:263 in error
[ERROR - 2018-09-21T13:47:21.693Z] Session [ab8c9970-bda2-11e8-8bea-1d86c04a1762] - page.onError - msg: ReferenceError: Can't find variable: $

  phantomjs://platform/console++.js:263 in error
[ERROR - 2018-09-21T13:47:21.693Z] Session [ab8c9970-bda2-11e8-8bea-1d86c04a1762] - page.onError - stack:
  global code (http://www.hkhdsyxx.com/about.asp?new_type=%B0%EC%D1%A7%C0%ED%C4%EE&lA=%D1%A7%D0%A3%B8%C5%BF%F6:37)

  phantomjs://platform/console++.js:263 in error
[INFO  - 2018-09-21T13:47:26.251Z] Session [ab8c9970-bda2-11e8-8bea-1d86c04a1762] - page.settings - {"XSSAuditingEnabled":false,"javascriptCanCloseWindows":true,"javascriptCanOpenWindows":true,"javascriptEnabled":true,"loadImages":true,"localToRemoteUrlAccessEnabled":false,"userAgent":"Mozilla/5.0 (Windows NT 6.2; WOW64) AppleWebKit/538.1 (KHTML, like Gecko) PhantomJS/2.1.1 Safari/538.1","webSecurityEnabled":true}
[INFO  - 2018-09-21T13:47:26.251Z] Session [ab8c9970-bda2-11e8-8bea-1d86c04a1762] - page.customHeaders:  - {}
[INFO  - 2018-09-21T13:47:32.579Z] Session [ab8c9970-bda2-11e8-8bea-1d86c04a1762] - page.settings - {"XSSAuditingEnabled":false,"javascriptCanCloseWindows":true,"javascriptCanOpenWindows":true,"javascriptEnabled":true,"loadImages":true,"localToRemoteUrlAccessEnabled":false,"userAgent":"Mozilla/5.0 (Windows NT 6.2; WOW64) AppleWebKit/538.1 (KHTML, like Gecko) PhantomJS/2.1.1 Safari/538.1","webSecurityEnabled":true}
[INFO  - 2018-09-21T13:47:32.579Z] Session [ab8c9970-bda2-11e8-8bea-1d86c04a1762] - page.customHeaders:  - {}
[INFO  - 2018-09-21T13:47:38.303Z] Session [ab8c9970-bda2-11e8-8bea-1d86c04a1762] - page.settings - {"XSSAuditingEnabled":false,"javascriptCanCloseWindows":true,"javascriptCanOpenWindows":true,"javascriptEnabled":true,"loadImages":true,"localToRemoteUrlAccessEnabled":false,"userAgent":"Mozilla/5.0 (Windows NT 6.2; WOW64) AppleWebKit/538.1 (KHTML, like Gecko) PhantomJS/2.1.1 Safari/538.1","webSecurityEnabled":true}
[INFO  - 2018-09-21T13:47:38.304Z] Session [ab8c9970-bda2-11e8-8bea-1d86c04a1762] - page.customHeaders:  - {}
[INFO  - 2018-09-21T13:47:43.089Z] Session [ab8c9970-bda2-11e8-8bea-1d86c04a1762] - page.settings - {"XSSAuditingEnabled":false,"javascriptCanCloseWindows":true,"javascriptCanOpenWindows":true,"javascriptEnabled":true,"loadImages":true,"localToRemoteUrlAccessEnabled":false,"userAgent":"Mozilla/5.0 (Windows NT 6.2; WOW64) AppleWebKit/538.1 (KHTML, like Gecko) PhantomJS/2.1.1 Safari/538.1","webSecurityEnabled":true}
[INFO  - 2018-09-21T13:47:43.089Z] Session [ab8c9970-bda2-11e8-8bea-1d86c04a1762] - page.customHeaders:  - {}
[INFO  - 2018-09-21T13:47:45.881Z] Session [ab8c9970-bda2-11e8-8bea-1d86c04a1762] - page.settings - {"XSSAuditingEnabled":false,"javascriptCanCloseWindows":true,"javascriptCanOpenWindows":true,"javascriptEnabled":true,"loadImages":true,"localToRemoteUrlAccessEnabled":false,"userAgent":"Mozilla/5.0 (Windows NT 6.2; WOW64) AppleWebKit/538.1 (KHTML, like Gecko) PhantomJS/2.1.1 Safari/538.1","webSecurityEnabled":true}
[INFO  - 2018-09-21T13:47:45.881Z] Session [ab8c9970-bda2-11e8-8bea-1d86c04a1762] - page.customHeaders:  - {}
[ERROR - 2018-09-21T13:47:48.638Z] Session [ab8c9970-bda2-11e8-8bea-1d86c04a1762] - page.onError - msg: ReferenceError: Can't find variable: DrawImage

  phantomjs://platform/console++.js:263 in error
[ERROR - 2018-09-21T13:47:48.639Z] Session [ab8c9970-bda2-11e8-8bea-1d86c04a1762] - page.onError - stack:
  onload (http://xk.jiataicards.com/yyyf.asp?sid=157&ssfl=%A3%A8%C3%E2%B7%D1%B0%E6%A3%A9%D1%A7%D0%A3/%C5%E0%D1%B5%BB%FA%B9%B9:152)

  phantomjs://platform/console++.js:263 in error
[INFO  - 2018-09-21T13:47:48.726Z] Session [ab8c9970-bda2-11e8-8bea-1d86c04a1762] - page.settings - {"XSSAuditingEnabled":false,"javascriptCanCloseWindows":true,"javascriptCanOpenWindows":true,"javascriptEnabled":true,"loadImages":true,"localToRemoteUrlAccessEnabled":false,"userAgent":"Mozilla/5.0 (Windows NT 6.2; WOW64) AppleWebKit/538.1 (KHTML, like Gecko) PhantomJS/2.1.1 Safari/538.1","webSecurityEnabled":true}
[INFO  - 2018-09-21T13:47:48.726Z] Session [ab8c9970-bda2-11e8-8bea-1d86c04a1762] - page.customHeaders:  - {}
[INFO  - 2018-09-21T13:47:56.928Z] Session [ab8c9970-bda2-11e8-8bea-1d86c04a1762] - page.settings - {"XSSAuditingEnabled":false,"javascriptCanCloseWindows":true,"javascriptCanOpenWindows":true,"javascriptEnabled":true,"loadImages":true,"localToRemoteUrlAccessEnabled":false,"userAgent":"Mozilla/5.0 (Windows NT 6.2; WOW64) AppleWebKit/538.1 (KHTML, like Gecko) PhantomJS/2.1.1 Safari/538.1","webSecurityEnabled":true}
[INFO  - 2018-09-21T13:47:56.928Z] Session [ab8c9970-bda2-11e8-8bea-1d86c04a1762] - page.customHeaders:  - {}
[INFO  - 2018-09-21T13:48:02.096Z] Session [ab8c9970-bda2-11e8-8bea-1d86c04a1762] - page.settings - {"XSSAuditingEnabled":false,"javascriptCanCloseWindows":true,"javascriptCanOpenWindows":true,"javascriptEnabled":true,"loadImages":true,"localToRemoteUrlAccessEnabled":false,"userAgent":"Mozilla/5.0 (Windows NT 6.2; WOW64) AppleWebKit/538.1 (KHTML, like Gecko) PhantomJS/2.1.1 Safari/538.1","webSecurityEnabled":true}
[INFO  - 2018-09-21T13:48:02.096Z] Session [ab8c9970-bda2-11e8-8bea-1d86c04a1762] - page.customHeaders:  - {}
[INFO  - 2018-09-21T13:48:08.272Z] Session [ab8c9970-bda2-11e8-8bea-1d86c04a1762] - page.settings - {"XSSAuditingEnabled":false,"javascriptCanCloseWindows":true,"javascriptCanOpenWindows":true,"javascriptEnabled":true,"loadImages":true,"localToRemoteUrlAccessEnabled":false,"userAgent":"Mozilla/5.0 (Windows NT 6.2; WOW64) AppleWebKit/538.1 (KHTML, like Gecko) PhantomJS/2.1.1 Safari/538.1","webSecurityEnabled":true}
[INFO  - 2018-09-21T13:48:08.272Z] Session [ab8c9970-bda2-11e8-8bea-1d86c04a1762] - page.customHeaders:  - {}
[INFO  - 2018-09-21T13:48:15.738Z] Session [ab8c9970-bda2-11e8-8bea-1d86c04a1762] - page.settings - {"XSSAuditingEnabled":false,"javascriptCanCloseWindows":true,"javascriptCanOpenWindows":true,"javascriptEnabled":true,"loadImages":true,"localToRemoteUrlAccessEnabled":false,"userAgent":"Mozilla/5.0 (Windows NT 6.2; WOW64) AppleWebKit/538.1 (KHTML, like Gecko) PhantomJS/2.1.1 Safari/538.1","webSecurityEnabled":true}
[INFO  - 2018-09-21T13:48:15.739Z] Session [ab8c9970-bda2-11e8-8bea-1d86c04a1762] - page.customHeaders:  - {}
[INFO  - 2018-09-21T13:48:15.883Z] Session [ab8c9970-bda2-11e8-8bea-1d86c04a1762] - page.settings - {"XSSAuditingEnabled":false,"javascriptCanCloseWindows":true,"javascriptCanOpenWindows":true,"javascriptEnabled":true,"loadImages":true,"localToRemoteUrlAccessEnabled":false,"userAgent":"Mozilla/5.0 (Windows NT 6.2; WOW64) AppleWebKit/538.1 (KHTML, like Gecko) PhantomJS/2.1.1 Safari/538.1","webSecurityEnabled":true}
[INFO  - 2018-09-21T13:48:15.883Z] Session [ab8c9970-bda2-11e8-8bea-1d86c04a1762] - page.customHeaders:  - {}
[INFO  - 2018-09-21T13:48:21.717Z] Session [ab8c9970-bda2-11e8-8bea-1d86c04a1762] - page.settings - {"XSSAuditingEnabled":false,"javascriptCanCloseWindows":true,"javascriptCanOpenWindows":true,"javascriptEnabled":true,"loadImages":true,"localToRemoteUrlAccessEnabled":false,"userAgent":"Mozilla/5.0 (Windows NT 6.2; WOW64) AppleWebKit/538.1 (KHTML, like Gecko) PhantomJS/2.1.1 Safari/538.1","webSecurityEnabled":true}
[INFO  - 2018-09-21T13:48:21.717Z] Session [ab8c9970-bda2-11e8-8bea-1d86c04a1762] - page.customHeaders:  - {}
[INFO  - 2018-09-21T13:48:26.913Z] Session [ab8c9970-bda2-11e8-8bea-1d86c04a1762] - page.settings - {"XSSAuditingEnabled":false,"javascriptCanCloseWindows":true,"javascriptCanOpenWindows":true,"javascriptEnabled":true,"loadImages":true,"localToRemoteUrlAccessEnabled":false,"userAgent":"Mozilla/5.0 (Windows NT 6.2; WOW64) AppleWebKit/538.1 (KHTML, like Gecko) PhantomJS/2.1.1 Safari/538.1","webSecurityEnabled":true}
[INFO  - 2018-09-21T13:48:26.913Z] Session [ab8c9970-bda2-11e8-8bea-1d86c04a1762] - page.customHeaders:  - {}
[INFO  - 2018-09-21T13:48:27.069Z] Session [ab8c9970-bda2-11e8-8bea-1d86c04a1762] - page.settings - {"XSSAuditingEnabled":false,"javascriptCanCloseWindows":true,"javascriptCanOpenWindows":true,"javascriptEnabled":true,"loadImages":true,"localToRemoteUrlAccessEnabled":false,"userAgent":"Mozilla/5.0 (Windows NT 6.2; WOW64) AppleWebKit/538.1 (KHTML, like Gecko) PhantomJS/2.1.1 Safari/538.1","webSecurityEnabled":true}
[INFO  - 2018-09-21T13:48:27.069Z] Session [ab8c9970-bda2-11e8-8bea-1d86c04a1762] - page.customHeaders:  - {}
[INFO  - 2018-09-21T13:48:52.192Z] Session [ab8c9970-bda2-11e8-8bea-1d86c04a1762] - page.settings - {"XSSAuditingEnabled":false,"javascriptCanCloseWindows":true,"javascriptCanOpenWindows":true,"javascriptEnabled":true,"loadImages":true,"localToRemoteUrlAccessEnabled":false,"userAgent":"Mozilla/5.0 (Windows NT 6.2; WOW64) AppleWebKit/538.1 (KHTML, like Gecko) PhantomJS/2.1.1 Safari/538.1","webSecurityEnabled":true}
[INFO  - 2018-09-21T13:48:52.192Z] Session [ab8c9970-bda2-11e8-8bea-1d86c04a1762] - page.customHeaders:  - {}
[INFO  - 2018-09-21T13:49:36.356Z] Session [ab8c9970-bda2-11e8-8bea-1d86c04a1762] - page.settings - {"XSSAuditingEnabled":false,"javascriptCanCloseWindows":true,"javascriptCanOpenWindows":true,"javascriptEnabled":true,"loadImages":true,"localToRemoteUrlAccessEnabled":false,"userAgent":"Mozilla/5.0 (Windows NT 6.2; WOW64) AppleWebKit/538.1 (KHTML, like Gecko) PhantomJS/2.1.1 Safari/538.1","webSecurityEnabled":true}
[INFO  - 2018-09-21T13:49:36.356Z] Session [ab8c9970-bda2-11e8-8bea-1d86c04a1762] - page.customHeaders:  - {}
[INFO  - 2018-09-21T13:49:36.520Z] Session [ab8c9970-bda2-11e8-8bea-1d86c04a1762] - page.settings - {"XSSAuditingEnabled":false,"javascriptCanCloseWindows":true,"javascriptCanOpenWindows":true,"javascriptEnabled":true,"loadImages":true,"localToRemoteUrlAccessEnabled":false,"userAgent":"Mozilla/5.0 (Windows NT 6.2; WOW64) AppleWebKit/538.1 (KHTML, like Gecko) PhantomJS/2.1.1 Safari/538.1","webSecurityEnabled":true}
[INFO  - 2018-09-21T13:49:36.520Z] Session [ab8c9970-bda2-11e8-8bea-1d86c04a1762] - page.customHeaders:  - {}
[INFO  - 2018-09-21T13:49:41.757Z] Session [ab8c9970-bda2-11e8-8bea-1d86c04a1762] - page.settings - {"XSSAuditingEnabled":false,"javascriptCanCloseWindows":true,"javascriptCanOpenWindows":true,"javascriptEnabled":true,"loadImages":true,"localToRemoteUrlAccessEnabled":false,"userAgent":"Mozilla/5.0 (Windows NT 6.2; WOW64) AppleWebKit/538.1 (KHTML, like Gecko) PhantomJS/2.1.1 Safari/538.1","webSecurityEnabled":true}
[INFO  - 2018-09-21T13:49:41.758Z] Session [ab8c9970-bda2-11e8-8bea-1d86c04a1762] - page.customHeaders:  - {}
[INFO  - 2018-09-21T13:49:52.628Z] Session [ab8c9970-bda2-11e8-8bea-1d86c04a1762] - page.settings - {"XSSAuditingEnabled":false,"javascriptCanCloseWindows":true,"javascriptCanOpenWindows":true,"javascriptEnabled":true,"loadImages":true,"localToRemoteUrlAccessEnabled":false,"userAgent":"Mozilla/5.0 (Windows NT 6.2; WOW64) AppleWebKit/538.1 (KHTML, like Gecko) PhantomJS/2.1.1 Safari/538.1","webSecurityEnabled":true}
[INFO  - 2018-09-21T13:49:52.629Z] Session [ab8c9970-bda2-11e8-8bea-1d86c04a1762] - page.customHeaders:  - {}
[INFO  - 2018-09-21T13:50:02.611Z] Session [ab8c9970-bda2-11e8-8bea-1d86c04a1762] - page.settings - {"XSSAuditingEnabled":false,"javascriptCanCloseWindows":true,"javascriptCanOpenWindows":true,"javascriptEnabled":true,"loadImages":true,"localToRemoteUrlAccessEnabled":false,"userAgent":"Mozilla/5.0 (Windows NT 6.2; WOW64) AppleWebKit/538.1 (KHTML, like Gecko) PhantomJS/2.1.1 Safari/538.1","webSecurityEnabled":true}
[INFO  - 2018-09-21T13:50:02.611Z] Session [ab8c9970-bda2-11e8-8bea-1d86c04a1762] - page.customHeaders:  - {}
[INFO  - 2018-09-21T13:50:07.237Z] Session [ab8c9970-bda2-11e8-8bea-1d86c04a1762] - page.settings - {"XSSAuditingEnabled":false,"javascriptCanCloseWindows":true,"javascriptCanOpenWindows":true,"javascriptEnabled":true,"loadImages":true,"localToRemoteUrlAccessEnabled":false,"userAgent":"Mozilla/5.0 (Windows NT 6.2; WOW64) AppleWebKit/538.1 (KHTML, like Gecko) PhantomJS/2.1.1 Safari/538.1","webSecurityEnabled":true}
[INFO  - 2018-09-21T13:50:07.237Z] Session [ab8c9970-bda2-11e8-8bea-1d86c04a1762] - page.customHeaders:  - {}
[INFO  - 2018-09-21T13:50:13.118Z] Session [ab8c9970-bda2-11e8-8bea-1d86c04a1762] - page.settings - {"XSSAuditingEnabled":false,"javascriptCanCloseWindows":true,"javascriptCanOpenWindows":true,"javascriptEnabled":true,"loadImages":true,"localToRemoteUrlAccessEnabled":false,"userAgent":"Mozilla/5.0 (Windows NT 6.2; WOW64) AppleWebKit/538.1 (KHTML, like Gecko) PhantomJS/2.1.1 Safari/538.1","webSecurityEnabled":true}
[INFO  - 2018-09-21T13:50:13.118Z] Session [ab8c9970-bda2-11e8-8bea-1d86c04a1762] - page.customHeaders:  - {}
[ERROR - 2018-09-21T13:50:20.688Z] Session [ab8c9970-bda2-11e8-8bea-1d86c04a1762] - page.onError - msg: NETWORK_ERR: XMLHttpRequest Exception 101: A network error occurred in synchronous requests.

  phantomjs://platform/console++.js:263 in error
[ERROR - 2018-09-21T13:50:20.689Z] Session [ab8c9970-bda2-11e8-8bea-1d86c04a1762] - page.onError - stack:
  send (http://dcs.conac.cn/js/31/424/0000/60317273/CA314240000603172730003.js:25)
  evalSrcScript (http://dcs.conac.cn/js/31/424/0000/60317273/CA314240000603172730003.js:25)
  (anonymous function) (http://dcs.conac.cn/js/31/424/0000/60317273/CA314240000603172730003.js:70)

  phantomjs://platform/console++.js:263 in error
[INFO  - 2018-09-21T13:50:26.273Z] Session [ab8c9970-bda2-11e8-8bea-1d86c04a1762] - page.settings - {"XSSAuditingEnabled":false,"javascriptCanCloseWindows":true,"javascriptCanOpenWindows":true,"javascriptEnabled":true,"loadImages":true,"localToRemoteUrlAccessEnabled":false,"userAgent":"Mozilla/5.0 (Windows NT 6.2; WOW64) AppleWebKit/538.1 (KHTML, like Gecko) PhantomJS/2.1.1 Safari/538.1","webSecurityEnabled":true}
[INFO  - 2018-09-21T13:50:26.273Z] Session [ab8c9970-bda2-11e8-8bea-1d86c04a1762] - page.customHeaders:  - {}
[INFO  - 2018-09-21T13:50:35.169Z] Session [ab8c9970-bda2-11e8-8bea-1d86c04a1762] - page.settings - {"XSSAuditingEnabled":false,"javascriptCanCloseWindows":true,"javascriptCanOpenWindows":true,"javascriptEnabled":true,"loadImages":true,"localToRemoteUrlAccessEnabled":false,"userAgent":"Mozilla/5.0 (Windows NT 6.2; WOW64) AppleWebKit/538.1 (KHTML, like Gecko) PhantomJS/2.1.1 Safari/538.1","webSecurityEnabled":true}
[INFO  - 2018-09-21T13:50:35.169Z] Session [ab8c9970-bda2-11e8-8bea-1d86c04a1762] - page.customHeaders:  - {}
[INFO  - 2018-09-21T13:50:36.916Z] Session [ab8c9970-bda2-11e8-8bea-1d86c04a1762] - page.settings - {"XSSAuditingEnabled":false,"javascriptCanCloseWindows":true,"javascriptCanOpenWindows":true,"javascriptEnabled":true,"loadImages":true,"localToRemoteUrlAccessEnabled":false,"userAgent":"Mozilla/5.0 (Windows NT 6.2; WOW64) AppleWebKit/538.1 (KHTML, like Gecko) PhantomJS/2.1.1 Safari/538.1","webSecurityEnabled":true}
[INFO  - 2018-09-21T13:50:36.916Z] Session [ab8c9970-bda2-11e8-8bea-1d86c04a1762] - page.customHeaders:  - {}
[INFO  - 2018-09-21T13:50:41.074Z] Session [ab8c9970-bda2-11e8-8bea-1d86c04a1762] - page.settings - {"XSSAuditingEnabled":false,"javascriptCanCloseWindows":true,"javascriptCanOpenWindows":true,"javascriptEnabled":true,"loadImages":true,"localToRemoteUrlAccessEnabled":false,"userAgent":"Mozilla/5.0 (Windows NT 6.2; WOW64) AppleWebKit/538.1 (KHTML, like Gecko) PhantomJS/2.1.1 Safari/538.1","webSecurityEnabled":true}
[INFO  - 2018-09-21T13:50:41.074Z] Session [ab8c9970-bda2-11e8-8bea-1d86c04a1762] - page.customHeaders:  - {}
[INFO  - 2018-09-21T13:50:43.775Z] Session [ab8c9970-bda2-11e8-8bea-1d86c04a1762] - page.settings - {"XSSAuditingEnabled":false,"javascriptCanCloseWindows":true,"javascriptCanOpenWindows":true,"javascriptEnabled":true,"loadImages":true,"localToRemoteUrlAccessEnabled":false,"userAgent":"Mozilla/5.0 (Windows NT 6.2; WOW64) AppleWebKit/538.1 (KHTML, like Gecko) PhantomJS/2.1.1 Safari/538.1","webSecurityEnabled":true}
[INFO  - 2018-09-21T13:50:43.775Z] Session [ab8c9970-bda2-11e8-8bea-1d86c04a1762] - page.customHeaders:  - {}
[INFO  - 2018-09-21T13:50:43.918Z] Session [ab8c9970-bda2-11e8-8bea-1d86c04a1762] - page.settings - {"XSSAuditingEnabled":false,"javascriptCanCloseWindows":true,"javascriptCanOpenWindows":true,"javascriptEnabled":true,"loadImages":true,"localToRemoteUrlAccessEnabled":false,"userAgent":"Mozilla/5.0 (Windows NT 6.2; WOW64) AppleWebKit/538.1 (KHTML, like Gecko) PhantomJS/2.1.1 Safari/538.1","webSecurityEnabled":true}
[INFO  - 2018-09-21T13:50:43.918Z] Session [ab8c9970-bda2-11e8-8bea-1d86c04a1762] - page.customHeaders:  - {}
[INFO  - 2018-09-21T13:50:51.149Z] Session [ab8c9970-bda2-11e8-8bea-1d86c04a1762] - page.settings - {"XSSAuditingEnabled":false,"javascriptCanCloseWindows":true,"javascriptCanOpenWindows":true,"javascriptEnabled":true,"loadImages":true,"localToRemoteUrlAccessEnabled":false,"userAgent":"Mozilla/5.0 (Windows NT 6.2; WOW64) AppleWebKit/538.1 (KHTML, like Gecko) PhantomJS/2.1.1 Safari/538.1","webSecurityEnabled":true}
[INFO  - 2018-09-21T13:50:51.150Z] Session [ab8c9970-bda2-11e8-8bea-1d86c04a1762] - page.customHeaders:  - {}
[INFO  - 2018-09-21T13:50:52.634Z] Session [ab8c9970-bda2-11e8-8bea-1d86c04a1762] - page.settings - {"XSSAuditingEnabled":false,"javascriptCanCloseWindows":true,"javascriptCanOpenWindows":true,"javascriptEnabled":true,"loadImages":true,"localToRemoteUrlAccessEnabled":false,"userAgent":"Mozilla/5.0 (Windows NT 6.2; WOW64) AppleWebKit/538.1 (KHTML, like Gecko) PhantomJS/2.1.1 Safari/538.1","webSecurityEnabled":true}
[INFO  - 2018-09-21T13:50:52.634Z] Session [ab8c9970-bda2-11e8-8bea-1d86c04a1762] - page.customHeaders:  - {}
[INFO  - 2018-09-21T13:51:38.472Z] SessionManagerReqHand - _cleanupWindowlessSessions - Asynchronous Sessions clean-up phase starting NOW
[INFO  - 2018-09-21T13:51:44.966Z] Session [ab8c9970-bda2-11e8-8bea-1d86c04a1762] - page.settings - {"XSSAuditingEnabled":false,"javascriptCanCloseWindows":true,"javascriptCanOpenWindows":true,"javascriptEnabled":true,"loadImages":true,"localToRemoteUrlAccessEnabled":false,"userAgent":"Mozilla/5.0 (Windows NT 6.2; WOW64) AppleWebKit/538.1 (KHTML, like Gecko) PhantomJS/2.1.1 Safari/538.1","webSecurityEnabled":true}
[INFO  - 2018-09-21T13:51:44.966Z] Session [ab8c9970-bda2-11e8-8bea-1d86c04a1762] - page.customHeaders:  - {}
[ERROR - 2018-09-21T13:51:46.553Z] Session [ab8c9970-bda2-11e8-8bea-1d86c04a1762] - page.onError - msg: NETWORK_ERR: XMLHttpRequest Exception 101: A network error occurred in synchronous requests.

  phantomjs://platform/console++.js:263 in error
[ERROR - 2018-09-21T13:51:46.553Z] Session [ab8c9970-bda2-11e8-8bea-1d86c04a1762] - page.onError - stack:
  send (http://www.sztcjj.com/images/JScript.js:25)
  evalSrcScript (http://www.sztcjj.com/images/JScript.js:25)
  (anonymous function) (http://www.sztcjj.com/images/JScript.js:70)

  phantomjs://platform/console++.js:263 in error
[ERROR - 2018-09-21T13:51:46.596Z] Session [ab8c9970-bda2-11e8-8bea-1d86c04a1762] - page.onError - msg: ReferenceError: Can't find variable: me

  phantomjs://platform/console++.js:263 in error
[ERROR - 2018-09-21T13:51:46.596Z] Session [ab8c9970-bda2-11e8-8bea-1d86c04a1762] - page.onError - stack:
  global code (http://www.sztcjj.com/ProductsAllZ.asp?id=225&Str=%B2%CD%D2%FB%D1%A7%D0%A3%BC%D2%BE%DF:97)

  phantomjs://platform/console++.js:263 in error
[ERROR - 2018-09-21T13:51:46.939Z] Session [ab8c9970-bda2-11e8-8bea-1d86c04a1762] - page.onError - msg: ReferenceError: Can't find variable: DrawImage

  phantomjs://platform/console++.js:263 in error
[ERROR - 2018-09-21T13:51:46.939Z] Session [ab8c9970-bda2-11e8-8bea-1d86c04a1762] - page.onError - stack:
  onload (http://www.sztcjj.com/ProductsAllZ.asp?id=225&Str=%B2%CD%D2%FB%D1%A7%D0%A3%BC%D2%BE%DF:516)

  phantomjs://platform/console++.js:263 in error
[ERROR - 2018-09-21T13:51:47.054Z] Session [ab8c9970-bda2-11e8-8bea-1d86c04a1762] - page.onError - msg: ReferenceError: Can't find variable: DrawImage

  phantomjs://platform/console++.js:263 in error
[ERROR - 2018-09-21T13:51:47.054Z] Session [ab8c9970-bda2-11e8-8bea-1d86c04a1762] - page.onError - stack:
  onload (http://www.sztcjj.com/ProductsAllZ.asp?id=225&Str=%B2%CD%D2%FB%D1%A7%D0%A3%BC%D2%BE%DF:516)

  phantomjs://platform/console++.js:263 in error
[ERROR - 2018-09-21T13:51:47.065Z] Session [ab8c9970-bda2-11e8-8bea-1d86c04a1762] - page.onError - msg: ReferenceError: Can't find variable: DrawImage

  phantomjs://platform/console++.js:263 in error
[ERROR - 2018-09-21T13:51:47.066Z] Session [ab8c9970-bda2-11e8-8bea-1d86c04a1762] - page.onError - stack:
  onload (http://www.sztcjj.com/ProductsAllZ.asp?id=225&Str=%B2%CD%D2%FB%D1%A7%D0%A3%BC%D2%BE%DF:516)

  phantomjs://platform/console++.js:263 in error
[ERROR - 2018-09-21T13:51:47.098Z] Session [ab8c9970-bda2-11e8-8bea-1d86c04a1762] - page.onError - msg: ReferenceError: Can't find variable: DrawImage

  phantomjs://platform/console++.js:263 in error
[ERROR - 2018-09-21T13:51:47.099Z] Session [ab8c9970-bda2-11e8-8bea-1d86c04a1762] - page.onError - stack:
  onload (http://www.sztcjj.com/ProductsAllZ.asp?id=225&Str=%B2%CD%D2%FB%D1%A7%D0%A3%BC%D2%BE%DF:516)

  phantomjs://platform/console++.js:263 in error
[ERROR - 2018-09-21T13:51:47.100Z] Session [ab8c9970-bda2-11e8-8bea-1d86c04a1762] - page.onError - msg: ReferenceError: Can't find variable: DrawImage

  phantomjs://platform/console++.js:263 in error
[ERROR - 2018-09-21T13:51:47.100Z] Session [ab8c9970-bda2-11e8-8bea-1d86c04a1762] - page.onError - stack:
  onload (http://www.sztcjj.com/ProductsAllZ.asp?id=225&Str=%B2%CD%D2%FB%D1%A7%D0%A3%BC%D2%BE%DF:516)

  phantomjs://platform/console++.js:263 in error
[ERROR - 2018-09-21T13:51:47.125Z] Session [ab8c9970-bda2-11e8-8bea-1d86c04a1762] - page.onError - msg: ReferenceError: Can't find variable: DrawImage

  phantomjs://platform/console++.js:263 in error
[ERROR - 2018-09-21T13:51:47.125Z] Session [ab8c9970-bda2-11e8-8bea-1d86c04a1762] - page.onError - stack:
  onload (http://www.sztcjj.com/ProductsAllZ.asp?id=225&Str=%B2%CD%D2%FB%D1%A7%D0%A3%BC%D2%BE%DF:516)

  phantomjs://platform/console++.js:263 in error
[ERROR - 2018-09-21T13:51:47.140Z] Session [ab8c9970-bda2-11e8-8bea-1d86c04a1762] - page.onError - msg: ReferenceError: Can't find variable: DrawImage

  phantomjs://platform/console++.js:263 in error
[ERROR - 2018-09-21T13:51:47.140Z] Session [ab8c9970-bda2-11e8-8bea-1d86c04a1762] - page.onError - stack:
  onload (http://www.sztcjj.com/ProductsAllZ.asp?id=225&Str=%B2%CD%D2%FB%D1%A7%D0%A3%BC%D2%BE%DF:516)

  phantomjs://platform/console++.js:263 in error
[ERROR - 2018-09-21T13:51:47.146Z] Session [ab8c9970-bda2-11e8-8bea-1d86c04a1762] - page.onError - msg: ReferenceError: Can't find variable: DrawImage

  phantomjs://platform/console++.js:263 in error
[ERROR - 2018-09-21T13:51:47.146Z] Session [ab8c9970-bda2-11e8-8bea-1d86c04a1762] - page.onError - stack:
  onload (http://www.sztcjj.com/ProductsAllZ.asp?id=225&Str=%B2%CD%D2%FB%D1%A7%D0%A3%BC%D2%BE%DF:516)

  phantomjs://platform/console++.js:263 in error
[ERROR - 2018-09-21T13:51:47.159Z] Session [ab8c9970-bda2-11e8-8bea-1d86c04a1762] - page.onError - msg: ReferenceError: Can't find variable: DrawImage

  phantomjs://platform/console++.js:263 in error
[ERROR - 2018-09-21T13:51:47.159Z] Session [ab8c9970-bda2-11e8-8bea-1d86c04a1762] - page.onError - stack:
  onload (http://www.sztcjj.com/ProductsAllZ.asp?id=225&Str=%B2%CD%D2%FB%D1%A7%D0%A3%BC%D2%BE%DF:516)

  phantomjs://platform/console++.js:263 in error
[ERROR - 2018-09-21T13:51:47.182Z] Session [ab8c9970-bda2-11e8-8bea-1d86c04a1762] - page.onError - msg: ReferenceError: Can't find variable: DrawImage

  phantomjs://platform/console++.js:263 in error
[ERROR - 2018-09-21T13:51:47.182Z] Session [ab8c9970-bda2-11e8-8bea-1d86c04a1762] - page.onError - stack:
  onload (http://www.sztcjj.com/ProductsAllZ.asp?id=225&Str=%B2%CD%D2%FB%D1%A7%D0%A3%BC%D2%BE%DF:516)

  phantomjs://platform/console++.js:263 in error
[ERROR - 2018-09-21T13:51:47.217Z] Session [ab8c9970-bda2-11e8-8bea-1d86c04a1762] - page.onError - msg: ReferenceError: Can't find variable: DrawImage

  phantomjs://platform/console++.js:263 in error
[ERROR - 2018-09-21T13:51:47.217Z] Session [ab8c9970-bda2-11e8-8bea-1d86c04a1762] - page.onError - stack:
  onload (http://www.sztcjj.com/ProductsAllZ.asp?id=225&Str=%B2%CD%D2%FB%D1%A7%D0%A3%BC%D2%BE%DF:516)

  phantomjs://platform/console++.js:263 in error
[ERROR - 2018-09-21T13:51:47.751Z] Session [ab8c9970-bda2-11e8-8bea-1d86c04a1762] - page.onError - msg: ReferenceError: Can't find variable: DrawImage

  phantomjs://platform/console++.js:263 in error
[ERROR - 2018-09-21T13:51:47.751Z] Session [ab8c9970-bda2-11e8-8bea-1d86c04a1762] - page.onError - stack:
  onload (http://www.sztcjj.com/ProductsAllZ.asp?id=225&Str=%B2%CD%D2%FB%D1%A7%D0%A3%BC%D2%BE%DF:516)

  phantomjs://platform/console++.js:263 in error
[INFO  - 2018-09-21T13:51:47.875Z] Session [ab8c9970-bda2-11e8-8bea-1d86c04a1762] - page.settings - {"XSSAuditingEnabled":false,"javascriptCanCloseWindows":true,"javascriptCanOpenWindows":true,"javascriptEnabled":true,"loadImages":true,"localToRemoteUrlAccessEnabled":false,"userAgent":"Mozilla/5.0 (Windows NT 6.2; WOW64) AppleWebKit/538.1 (KHTML, like Gecko) PhantomJS/2.1.1 Safari/538.1","webSecurityEnabled":true}
[INFO  - 2018-09-21T13:51:47.876Z] Session [ab8c9970-bda2-11e8-8bea-1d86c04a1762] - page.customHeaders:  - {}
[INFO  - 2018-09-21T13:51:53.056Z] Session [ab8c9970-bda2-11e8-8bea-1d86c04a1762] - page.settings - {"XSSAuditingEnabled":false,"javascriptCanCloseWindows":true,"javascriptCanOpenWindows":true,"javascriptEnabled":true,"loadImages":true,"localToRemoteUrlAccessEnabled":false,"userAgent":"Mozilla/5.0 (Windows NT 6.2; WOW64) AppleWebKit/538.1 (KHTML, like Gecko) PhantomJS/2.1.1 Safari/538.1","webSecurityEnabled":true}
[INFO  - 2018-09-21T13:51:53.056Z] Session [ab8c9970-bda2-11e8-8bea-1d86c04a1762] - page.customHeaders:  - {}
[ERROR - 2018-09-21T13:51:54.597Z] Session [ab8c9970-bda2-11e8-8bea-1d86c04a1762] - page.onError - msg: NETWORK_ERR: XMLHttpRequest Exception 101: A network error occurred in synchronous requests.

  phantomjs://platform/console++.js:263 in error
[ERROR - 2018-09-21T13:51:54.597Z] Session [ab8c9970-bda2-11e8-8bea-1d86c04a1762] - page.onError - stack:
  send (http://www.ljzg.net/piaofu2.js:25)
  evalSrcScript (http://www.ljzg.net/piaofu2.js:25)
  (anonymous function) (http://www.ljzg.net/piaofu2.js:70)

  phantomjs://platform/console++.js:263 in error
[INFO  - 2018-09-21T13:51:55.388Z] Session [ab8c9970-bda2-11e8-8bea-1d86c04a1762] - page.settings - {"XSSAuditingEnabled":false,"javascriptCanCloseWindows":true,"javascriptCanOpenWindows":true,"javascriptEnabled":true,"loadImages":true,"localToRemoteUrlAccessEnabled":false,"userAgent":"Mozilla/5.0 (Windows NT 6.2; WOW64) AppleWebKit/538.1 (KHTML, like Gecko) PhantomJS/2.1.1 Safari/538.1","webSecurityEnabled":true}
[INFO  - 2018-09-21T13:51:55.388Z] Session [ab8c9970-bda2-11e8-8bea-1d86c04a1762] - page.customHeaders:  - {}
[INFO  - 2018-09-21T13:52:02.113Z] Session [ab8c9970-bda2-11e8-8bea-1d86c04a1762] - page.settings - {"XSSAuditingEnabled":false,"javascriptCanCloseWindows":true,"javascriptCanOpenWindows":true,"javascriptEnabled":true,"loadImages":true,"localToRemoteUrlAccessEnabled":false,"userAgent":"Mozilla/5.0 (Windows NT 6.2; WOW64) AppleWebKit/538.1 (KHTML, like Gecko) PhantomJS/2.1.1 Safari/538.1","webSecurityEnabled":true}
[INFO  - 2018-09-21T13:52:02.113Z] Session [ab8c9970-bda2-11e8-8bea-1d86c04a1762] - page.customHeaders:  - {}
[INFO  - 2018-09-21T13:52:13.584Z] Session [ab8c9970-bda2-11e8-8bea-1d86c04a1762] - page.settings - {"XSSAuditingEnabled":false,"javascriptCanCloseWindows":true,"javascriptCanOpenWindows":true,"javascriptEnabled":true,"loadImages":true,"localToRemoteUrlAccessEnabled":false,"userAgent":"Mozilla/5.0 (Windows NT 6.2; WOW64) AppleWebKit/538.1 (KHTML, like Gecko) PhantomJS/2.1.1 Safari/538.1","webSecurityEnabled":true}
[INFO  - 2018-09-21T13:52:13.584Z] Session [ab8c9970-bda2-11e8-8bea-1d86c04a1762] - page.customHeaders:  - {}
[INFO  - 2018-09-21T13:52:15.091Z] Session [ab8c9970-bda2-11e8-8bea-1d86c04a1762] - page.settings - {"XSSAuditingEnabled":false,"javascriptCanCloseWindows":true,"javascriptCanOpenWindows":true,"javascriptEnabled":true,"loadImages":true,"localToRemoteUrlAccessEnabled":false,"userAgent":"Mozilla/5.0 (Windows NT 6.2; WOW64) AppleWebKit/538.1 (KHTML, like Gecko) PhantomJS/2.1.1 Safari/538.1","webSecurityEnabled":true}
[INFO  - 2018-09-21T13:52:15.091Z] Session [ab8c9970-bda2-11e8-8bea-1d86c04a1762] - page.customHeaders:  - {}
[ERROR - 2018-09-21T13:52:16.811Z] Session [ab8c9970-bda2-11e8-8bea-1d86c04a1762] - page.onError - msg: ReferenceError: Can't find variable: bottomTab

  phantomjs://platform/console++.js:263 in error
[ERROR - 2018-09-21T13:52:16.811Z] Session [ab8c9970-bda2-11e8-8bea-1d86c04a1762] - page.onError - stack:
  set_tab (http://www.xxjinghua.com/js/123.js:47)

  phantomjs://platform/console++.js:263 in error
[INFO  - 2018-09-21T13:52:18.731Z] Session [ab8c9970-bda2-11e8-8bea-1d86c04a1762] - page.settings - {"XSSAuditingEnabled":false,"javascriptCanCloseWindows":true,"javascriptCanOpenWindows":true,"javascriptEnabled":true,"loadImages":true,"localToRemoteUrlAccessEnabled":false,"userAgent":"Mozilla/5.0 (Windows NT 6.2; WOW64) AppleWebKit/538.1 (KHTML, like Gecko) PhantomJS/2.1.1 Safari/538.1","webSecurityEnabled":true}
[INFO  - 2018-09-21T13:52:18.731Z] Session [ab8c9970-bda2-11e8-8bea-1d86c04a1762] - page.customHeaders:  - {}
[ERROR - 2018-09-21T13:52:28.175Z] Session [ab8c9970-bda2-11e8-8bea-1d86c04a1762] - page.onError - msg: TypeError: undefined is not an object (evaluating 'bullets[pos].className = 'point selected'')

  phantomjs://platform/console++.js:263 in error
[ERROR - 2018-09-21T13:52:28.175Z] Session [ab8c9970-bda2-11e8-8bea-1d86c04a1762] - page.onError - stack:
  callback (http://www.xxjinghua.com/js/123.js:29)
  slide (http://www.xxjinghua.com/js/hhSwipe.js:92)
  next (http://www.xxjinghua.com/js/hhSwipe.js:66)

  phantomjs://platform/console++.js:263 in error
[INFO  - 2018-09-21T13:52:37.414Z] Session [ab8c9970-bda2-11e8-8bea-1d86c04a1762] - page.settings - {"XSSAuditingEnabled":false,"javascriptCanCloseWindows":true,"javascriptCanOpenWindows":true,"javascriptEnabled":true,"loadImages":true,"localToRemoteUrlAccessEnabled":false,"userAgent":"Mozilla/5.0 (Windows NT 6.2; WOW64) AppleWebKit/538.1 (KHTML, like Gecko) PhantomJS/2.1.1 Safari/538.1","webSecurityEnabled":true}
[INFO  - 2018-09-21T13:52:37.414Z] Session [ab8c9970-bda2-11e8-8bea-1d86c04a1762] - page.customHeaders:  - {}
[INFO  - 2018-09-21T13:52:41.128Z] Session [ab8c9970-bda2-11e8-8bea-1d86c04a1762] - page.settings - {"XSSAuditingEnabled":false,"javascriptCanCloseWindows":true,"javascriptCanOpenWindows":true,"javascriptEnabled":true,"loadImages":true,"localToRemoteUrlAccessEnabled":false,"userAgent":"Mozilla/5.0 (Windows NT 6.2; WOW64) AppleWebKit/538.1 (KHTML, like Gecko) PhantomJS/2.1.1 Safari/538.1","webSecurityEnabled":true}
[INFO  - 2018-09-21T13:52:41.128Z] Session [ab8c9970-bda2-11e8-8bea-1d86c04a1762] - page.customHeaders:  - {}
[INFO  - 2018-09-21T13:52:41.278Z] Session [ab8c9970-bda2-11e8-8bea-1d86c04a1762] - page.settings - {"XSSAuditingEnabled":false,"javascriptCanCloseWindows":true,"javascriptCanOpenWindows":true,"javascriptEnabled":true,"loadImages":true,"localToRemoteUrlAccessEnabled":false,"userAgent":"Mozilla/5.0 (Windows NT 6.2; WOW64) AppleWebKit/538.1 (KHTML, like Gecko) PhantomJS/2.1.1 Safari/538.1","webSecurityEnabled":true}
[INFO  - 2018-09-21T13:52:41.279Z] Session [ab8c9970-bda2-11e8-8bea-1d86c04a1762] - page.customHeaders:  - {}
[INFO  - 2018-09-21T13:52:43.862Z] Session [ab8c9970-bda2-11e8-8bea-1d86c04a1762] - page.settings - {"XSSAuditingEnabled":false,"javascriptCanCloseWindows":true,"javascriptCanOpenWindows":true,"javascriptEnabled":true,"loadImages":true,"localToRemoteUrlAccessEnabled":false,"userAgent":"Mozilla/5.0 (Windows NT 6.2; WOW64) AppleWebKit/538.1 (KHTML, like Gecko) PhantomJS/2.1.1 Safari/538.1","webSecurityEnabled":true}
[INFO  - 2018-09-21T13:52:43.862Z] Session [ab8c9970-bda2-11e8-8bea-1d86c04a1762] - page.customHeaders:  - {}
[INFO  - 2018-09-21T13:52:50.130Z] Session [ab8c9970-bda2-11e8-8bea-1d86c04a1762] - page.settings - {"XSSAuditingEnabled":false,"javascriptCanCloseWindows":true,"javascriptCanOpenWindows":true,"javascriptEnabled":true,"loadImages":true,"localToRemoteUrlAccessEnabled":false,"userAgent":"Mozilla/5.0 (Windows NT 6.2; WOW64) AppleWebKit/538.1 (KHTML, like Gecko) PhantomJS/2.1.1 Safari/538.1","webSecurityEnabled":true}
[INFO  - 2018-09-21T13:52:50.130Z] Session [ab8c9970-bda2-11e8-8bea-1d86c04a1762] - page.customHeaders:  - {}
[INFO  - 2018-09-21T13:52:52.198Z] Session [ab8c9970-bda2-11e8-8bea-1d86c04a1762] - page.settings - {"XSSAuditingEnabled":false,"javascriptCanCloseWindows":true,"javascriptCanOpenWindows":true,"javascriptEnabled":true,"loadImages":true,"localToRemoteUrlAccessEnabled":false,"userAgent":"Mozilla/5.0 (Windows NT 6.2; WOW64) AppleWebKit/538.1 (KHTML, like Gecko) PhantomJS/2.1.1 Safari/538.1","webSecurityEnabled":true}
[INFO  - 2018-09-21T13:52:52.198Z] Session [ab8c9970-bda2-11e8-8bea-1d86c04a1762] - page.customHeaders:  - {}
[INFO  - 2018-09-21T13:52:57.961Z] Session [ab8c9970-bda2-11e8-8bea-1d86c04a1762] - page.settings - {"XSSAuditingEnabled":false,"javascriptCanCloseWindows":true,"javascriptCanOpenWindows":true,"javascriptEnabled":true,"loadImages":true,"localToRemoteUrlAccessEnabled":false,"userAgent":"Mozilla/5.0 (Windows NT 6.2; WOW64) AppleWebKit/538.1 (KHTML, like Gecko) PhantomJS/2.1.1 Safari/538.1","webSecurityEnabled":true}
[INFO  - 2018-09-21T13:52:57.961Z] Session [ab8c9970-bda2-11e8-8bea-1d86c04a1762] - page.customHeaders:  - {}
[INFO  - 2018-09-21T13:52:58.328Z] Session [ab8c9970-bda2-11e8-8bea-1d86c04a1762] - page.settings - {"XSSAuditingEnabled":false,"javascriptCanCloseWindows":true,"javascriptCanOpenWindows":true,"javascriptEnabled":true,"loadImages":true,"localToRemoteUrlAccessEnabled":false,"userAgent":"Mozilla/5.0 (Windows NT 6.2; WOW64) AppleWebKit/538.1 (KHTML, like Gecko) PhantomJS/2.1.1 Safari/538.1","webSecurityEnabled":true}
[INFO  - 2018-09-21T13:52:58.328Z] Session [ab8c9970-bda2-11e8-8bea-1d86c04a1762] - page.customHeaders:  - {}
[INFO  - 2018-09-21T13:53:04.747Z] Session [ab8c9970-bda2-11e8-8bea-1d86c04a1762] - page.settings - {"XSSAuditingEnabled":false,"javascriptCanCloseWindows":true,"javascriptCanOpenWindows":true,"javascriptEnabled":true,"loadImages":true,"localToRemoteUrlAccessEnabled":false,"userAgent":"Mozilla/5.0 (Windows NT 6.2; WOW64) AppleWebKit/538.1 (KHTML, like Gecko) PhantomJS/2.1.1 Safari/538.1","webSecurityEnabled":true}
[INFO  - 2018-09-21T13:53:04.747Z] Session [ab8c9970-bda2-11e8-8bea-1d86c04a1762] - page.customHeaders:  - {}
[INFO  - 2018-09-21T13:53:05.488Z] Session [ab8c9970-bda2-11e8-8bea-1d86c04a1762] - page.settings - {"XSSAuditingEnabled":false,"javascriptCanCloseWindows":true,"javascriptCanOpenWindows":true,"javascriptEnabled":true,"loadImages":true,"localToRemoteUrlAccessEnabled":false,"userAgent":"Mozilla/5.0 (Windows NT 6.2; WOW64) AppleWebKit/538.1 (KHTML, like Gecko) PhantomJS/2.1.1 Safari/538.1","webSecurityEnabled":true}
[INFO  - 2018-09-21T13:53:05.488Z] Session [ab8c9970-bda2-11e8-8bea-1d86c04a1762] - page.customHeaders:  - {}
[ERROR - 2018-09-21T13:53:05.959Z] Session [ab8c9970-bda2-11e8-8bea-1d86c04a1762] - page.onError - msg: ReferenceError: Can't find variable: Menu

  phantomjs://platform/console++.js:263 in error
[ERROR - 2018-09-21T13:53:05.959Z] Session [ab8c9970-bda2-11e8-8bea-1d86c04a1762] - page.onError - stack:
  mmLoadMenus (http://jw.xidian.edu.cn/xdsj/iv.asp?T=xxzd&iv1=%D1%A7%D0%A3%EF%BF%BD%C6%B6%EF%BF%BD&iv2=&iv3=&ID=108:51)

  phantomjs://platform/console++.js:263 in error
[INFO  - 2018-09-21T13:53:08.586Z] Session [ab8c9970-bda2-11e8-8bea-1d86c04a1762] - page.settings - {"XSSAuditingEnabled":false,"javascriptCanCloseWindows":true,"javascriptCanOpenWindows":true,"javascriptEnabled":true,"loadImages":true,"localToRemoteUrlAccessEnabled":false,"userAgent":"Mozilla/5.0 (Windows NT 6.2; WOW64) AppleWebKit/538.1 (KHTML, like Gecko) PhantomJS/2.1.1 Safari/538.1","webSecurityEnabled":true}
[INFO  - 2018-09-21T13:53:08.586Z] Session [ab8c9970-bda2-11e8-8bea-1d86c04a1762] - page.customHeaders:  - {}
[INFO  - 2018-09-21T13:53:13.901Z] Session [ab8c9970-bda2-11e8-8bea-1d86c04a1762] - page.settings - {"XSSAuditingEnabled":false,"javascriptCanCloseWindows":true,"javascriptCanOpenWindows":true,"javascriptEnabled":true,"loadImages":true,"localToRemoteUrlAccessEnabled":false,"userAgent":"Mozilla/5.0 (Windows NT 6.2; WOW64) AppleWebKit/538.1 (KHTML, like Gecko) PhantomJS/2.1.1 Safari/538.1","webSecurityEnabled":true}
[INFO  - 2018-09-21T13:53:13.901Z] Session [ab8c9970-bda2-11e8-8bea-1d86c04a1762] - page.customHeaders:  - {}
[INFO  - 2018-09-21T13:53:15.666Z] Session [ab8c9970-bda2-11e8-8bea-1d86c04a1762] - page.settings - {"XSSAuditingEnabled":false,"javascriptCanCloseWindows":true,"javascriptCanOpenWindows":true,"javascriptEnabled":true,"loadImages":true,"localToRemoteUrlAccessEnabled":false,"userAgent":"Mozilla/5.0 (Windows NT 6.2; WOW64) AppleWebKit/538.1 (KHTML, like Gecko) PhantomJS/2.1.1 Safari/538.1","webSecurityEnabled":true}
[INFO  - 2018-09-21T13:53:15.666Z] Session [ab8c9970-bda2-11e8-8bea-1d86c04a1762] - page.customHeaders:  - {}
[INFO  - 2018-09-21T13:53:17.372Z] Session [ab8c9970-bda2-11e8-8bea-1d86c04a1762] - page.settings - {"XSSAuditingEnabled":false,"javascriptCanCloseWindows":true,"javascriptCanOpenWindows":true,"javascriptEnabled":true,"loadImages":true,"localToRemoteUrlAccessEnabled":false,"userAgent":"Mozilla/5.0 (Windows NT 6.2; WOW64) AppleWebKit/538.1 (KHTML, like Gecko) PhantomJS/2.1.1 Safari/538.1","webSecurityEnabled":true}
[INFO  - 2018-09-21T13:53:17.372Z] Session [ab8c9970-bda2-11e8-8bea-1d86c04a1762] - page.customHeaders:  - {}
[INFO  - 2018-09-21T13:53:22.028Z] Session [ab8c9970-bda2-11e8-8bea-1d86c04a1762] - page.settings - {"XSSAuditingEnabled":false,"javascriptCanCloseWindows":true,"javascriptCanOpenWindows":true,"javascriptEnabled":true,"loadImages":true,"localToRemoteUrlAccessEnabled":false,"userAgent":"Mozilla/5.0 (Windows NT 6.2; WOW64) AppleWebKit/538.1 (KHTML, like Gecko) PhantomJS/2.1.1 Safari/538.1","webSecurityEnabled":true}
[INFO  - 2018-09-21T13:53:22.028Z] Session [ab8c9970-bda2-11e8-8bea-1d86c04a1762] - page.customHeaders:  - {}
[INFO  - 2018-09-21T13:53:22.381Z] Session [ab8c9970-bda2-11e8-8bea-1d86c04a1762] - page.settings - {"XSSAuditingEnabled":false,"javascriptCanCloseWindows":true,"javascriptCanOpenWindows":true,"javascriptEnabled":true,"loadImages":true,"localToRemoteUrlAccessEnabled":false,"userAgent":"Mozilla/5.0 (Windows NT 6.2; WOW64) AppleWebKit/538.1 (KHTML, like Gecko) PhantomJS/2.1.1 Safari/538.1","webSecurityEnabled":true}
[INFO  - 2018-09-21T13:53:22.381Z] Session [ab8c9970-bda2-11e8-8bea-1d86c04a1762] - page.customHeaders:  - {}
[ERROR - 2018-09-21T13:53:24.103Z] Session [ab8c9970-bda2-11e8-8bea-1d86c04a1762] - page.onError - msg: TypeError: null is not an object (evaluating 'window.top.document.body.appendChild')

  phantomjs://platform/console++.js:263 in error
[ERROR - 2018-09-21T13:53:24.103Z] Session [ab8c9970-bda2-11e8-8bea-1d86c04a1762] - page.onError - stack:
  _loader (http://www.yicai56.cn/css.js:17)
  _loop (http://www.yicai56.cn/css.js:47)

  phantomjs://platform/console++.js:263 in error
[ERROR - 2018-09-21T13:53:26.647Z] Session [ab8c9970-bda2-11e8-8bea-1d86c04a1762] - page.onError - msg: ReferenceError: Can't find variable: Guid

  phantomjs://platform/console++.js:263 in error
[ERROR - 2018-09-21T13:53:26.647Z] Session [ab8c9970-bda2-11e8-8bea-1d86c04a1762] - page.onError - stack:
  global code (http://www.jx.cn/js/jquery.ad.js:12)

  phantomjs://platform/console++.js:263 in error
[ERROR - 2018-09-21T13:54:08.450Z] Session [ab8c9970-bda2-11e8-8bea-1d86c04a1762] - page.onError - msg: ReferenceError: Can't find variable: google

  phantomjs://platform/console++.js:263 in error
[ERROR - 2018-09-21T13:54:08.451Z] Session [ab8c9970-bda2-11e8-8bea-1d86c04a1762] - page.onError - stack:
  global code (http://www.jx.cn/jixie/listcp/cpgyss.asp?Key=%C6%FB%B3%B5%C3%C0%C8%DD%D1%A7%D0%A3:175)

  phantomjs://platform/console++.js:263 in error
[ERROR - 2018-09-21T13:54:08.452Z] Session [ab8c9970-bda2-11e8-8bea-1d86c04a1762] - page.onError - msg: ReferenceError: Can't find variable: google

  phantomjs://platform/console++.js:263 in error
[ERROR - 2018-09-21T13:54:08.453Z] Session [ab8c9970-bda2-11e8-8bea-1d86c04a1762] - page.onError - stack:
  global code (http://www.jx.cn/jixie/listcp/cpgyss.asp?Key=%C6%FB%B3%B5%C3%C0%C8%DD%D1%A7%D0%A3:210)

  phantomjs://platform/console++.js:263 in error
[INFO  - 2018-09-21T13:54:09.045Z] Session [ab8c9970-bda2-11e8-8bea-1d86c04a1762] - page.settings - {"XSSAuditingEnabled":false,"javascriptCanCloseWindows":true,"javascriptCanOpenWindows":true,"javascriptEnabled":true,"loadImages":true,"localToRemoteUrlAccessEnabled":false,"userAgent":"Mozilla/5.0 (Windows NT 6.2; WOW64) AppleWebKit/538.1 (KHTML, like Gecko) PhantomJS/2.1.1 Safari/538.1","webSecurityEnabled":true}
[INFO  - 2018-09-21T13:54:09.045Z] Session [ab8c9970-bda2-11e8-8bea-1d86c04a1762] - page.customHeaders:  - {}
[INFO  - 2018-09-21T13:54:18.284Z] Session [ab8c9970-bda2-11e8-8bea-1d86c04a1762] - page.settings - {"XSSAuditingEnabled":false,"javascriptCanCloseWindows":true,"javascriptCanOpenWindows":true,"javascriptEnabled":true,"loadImages":true,"localToRemoteUrlAccessEnabled":false,"userAgent":"Mozilla/5.0 (Windows NT 6.2; WOW64) AppleWebKit/538.1 (KHTML, like Gecko) PhantomJS/2.1.1 Safari/538.1","webSecurityEnabled":true}
[INFO  - 2018-09-21T13:54:18.284Z] Session [ab8c9970-bda2-11e8-8bea-1d86c04a1762] - page.customHeaders:  - {}
[INFO  - 2018-09-21T13:54:23.425Z] Session [ab8c9970-bda2-11e8-8bea-1d86c04a1762] - page.settings - {"XSSAuditingEnabled":false,"javascriptCanCloseWindows":true,"javascriptCanOpenWindows":true,"javascriptEnabled":true,"loadImages":true,"localToRemoteUrlAccessEnabled":false,"userAgent":"Mozilla/5.0 (Windows NT 6.2; WOW64) AppleWebKit/538.1 (KHTML, like Gecko) PhantomJS/2.1.1 Safari/538.1","webSecurityEnabled":true}
[INFO  - 2018-09-21T13:54:23.425Z] Session [ab8c9970-bda2-11e8-8bea-1d86c04a1762] - page.customHeaders:  - {}
[INFO  - 2018-09-21T13:54:25.167Z] Session [ab8c9970-bda2-11e8-8bea-1d86c04a1762] - page.settings - {"XSSAuditingEnabled":false,"javascriptCanCloseWindows":true,"javascriptCanOpenWindows":true,"javascriptEnabled":true,"loadImages":true,"localToRemoteUrlAccessEnabled":false,"userAgent":"Mozilla/5.0 (Windows NT 6.2; WOW64) AppleWebKit/538.1 (KHTML, like Gecko) PhantomJS/2.1.1 Safari/538.1","webSecurityEnabled":true}
[INFO  - 2018-09-21T13:54:25.167Z] Session [ab8c9970-bda2-11e8-8bea-1d86c04a1762] - page.customHeaders:  - {}
[ERROR - 2018-09-21T13:54:27.617Z] Session [ab8c9970-bda2-11e8-8bea-1d86c04a1762] - page.onError - msg: TypeError: undefined is not an object (evaluating 'oTransContainer.filters[0]')

  phantomjs://platform/console++.js:263 in error
[ERROR - 2018-09-21T13:54:27.618Z] Session [ab8c9970-bda2-11e8-8bea-1d86c04a1762] - page.onError - stack:
  fnToggle (http://www.gkpl.net/ReadNews.asp?NewsID=3895&BigClassName=%A1%BC%D1%A7%D0%A3%B6%AF%CC%AC%A1%BD&SmallClassName=%D1%A7%D0%A3%B9%AB%B8%E6&SpecialID=0:73)

  phantomjs://platform/console++.js:263 in error
[INFO  - 2018-09-21T13:56:38.471Z] SessionManagerReqHand - _cleanupWindowlessSessions - Asynchronous Sessions clean-up phase starting NOW
